=== TALLY-128 Task 4 EXECUTE ===
Project: ropi-aoss-dev
Origin rule sentinel: tally-128-task4-attrval-mirror
Timestamp: 2026-04-20T17:44:14.218Z
Contract: Option B (verification_state="Unverified")

Total products: 672
Products with non-empty data.site_owner: 574

  scanned 100/574
  scanned 200/574
  scanned 300/574
  scanned 400/574
  scanned 500/574
=== TALLY-128 Task 4 Execute Pre-Write ===
Total products scanned with non-empty data.site_owner:  574
Category breakdown:
  Will create (subcoll doc missing):   571  ← primary action set
  Will update (Path A: never):         0
  Skip (already matches or preserved): 3

Preserved (pre-existing docs left unchanged per Path A):
  206991-6SW: existing="Shiekh" | top.site_owner="shiekh"

=== EXECUTE phase (create-only) ===
Writes queued: 571 (chunked at 500/batch)

  batch 1: 500 written, 0 failed (running 500/571)
  batch 2: 71 written, 0 failed (running 571/571)

=== EXECUTE complete ===
Total writes attempted:  571
Total writes succeeded:  571
Total writes failed:     0
