=== TALLY-128 Task 5 DRY-RUN ===
Project: ropi-aoss-dev
Sentinel: tally-128-task5
Timestamp: 2026-04-20T22:33:56.180Z

Active registry sites: [karmaloop, mltd, shiekh]

Total products scanned: 672

=== Subtask 5b — Schema verification ===
Observed schema fields (from JS4967 + 5 samples + all scanned): site_id, domain, active, updated_at
Total existing site_targets docs scanned: 590
Docs with fields outside observed schema: 6
Outcome: 2B — schema varies / non-derived fields present. STOP before execute.
  206991-6SW:
    doc=shiekh unexpected_keys=[site_targets_source]
  341-921CRM:
    doc=mltd unexpected_keys=[site_targets_source]
  A00-43435BLK:
    doc=mltd unexpected_keys=[site_targets_source]
    doc=shiekh unexpected_keys=[site_targets_source]
  SD1009-BLK:
    doc=mltd unexpected_keys=[site_targets_source]
  STEP22-ADIDAS-003:
    doc=shiekh unexpected_keys=[site_targets_source]
  STEP22-NIKE-001:
    doc=shiekh unexpected_keys=[site_targets_source]

=== TALLY-128 Task 5 Dry-Run ===
Total products scanned:                    672
Active registry sites:                     [karmaloop, mltd, shiekh]

Gap bucket (empty Active Websites, preserved unchanged per R2-Q2):
  Products counted:                        177

Mutation-candidate bucket (non-empty Active Websites):
  No change (current == expected):         476
  Create-only (pure add):                  0
  Delete-only (pure remove):               0
  Mixed (create + delete in same product): 0
  Fully deleted (expected empty):          0   ← GUARDRAIL 1: PO sign-off required
  No-op (current empty + expected empty):  19   (non-registry-only AW; neither mutated)
  Mutation-candidate total:                495

Operation totals (mutation-candidates only):
  Docs to create:                          0
  Docs to delete:                          0
  Docs to preserve untouched:              477

Non-registry Active Websites audit (informational):
  "vnds.com": 13
  "plndr": 3
  "fbrkclothing.com": 2
  "shoes.com": 1

Dry-run complete. Per-product log: evidence/tally-128-task5/dryrun-idempotent-per-product.log
Schema verification outcome: 2B
Re-run with --execute after PO ack.
