# TALLY-128 Task 5 per-product diff — 2026-04-20T22:28:52.657Z
# Format: <mpn> | aw=[...] | cur=[...] | exp=[...] | create=[...] | delete=[...] | preserve=[...] | nonReg=[...]
10001-5CI | aw=[] | cur=[] | exp=[] | create=[] | delete=[] | preserve=[] | nonReg=[]
1003868 | aw=[] | cur=[] | exp=[] | create=[] | delete=[] | preserve=[] | nonReg=[]
1006302 | aw=[] | cur=[] | exp=[] | create=[] | delete=[] | preserve=[] | nonReg=[]
1006303 | aw=[] | cur=[] | exp=[] | create=[] | delete=[] | preserve=[] | nonReg=[]
101639C | aw=[karmaloop] | cur=[karmaloop,mltd,shiekh] | exp=[karmaloop] | create=[] | delete=[mltd,shiekh] | preserve=[karmaloop] | nonReg=[]
1026238 | aw=[] | cur=[] | exp=[] | create=[] | delete=[] | preserve=[] | nonReg=[]
1031309 | aw=[] | cur=[] | exp=[] | create=[] | delete=[] | preserve=[] | nonReg=[]
1032032 | aw=[] | cur=[] | exp=[] | create=[] | delete=[] | preserve=[] | nonReg=[]
11872945 | aw=[] | cur=[] | exp=[] | create=[] | delete=[] | preserve=[] | nonReg=[]
206990-001 | aw=[] | cur=[] | exp=[] | create=[] | delete=[] | preserve=[] | nonReg=[]
206990-0DA | aw=[] | cur=[] | exp=[] | create=[] | delete=[] | preserve=[] | nonReg=[]
206991-001 | aw=[] | cur=[] | exp=[] | create=[] | delete=[] | preserve=[] | nonReg=[]
206991-100 | aw=[] | cur=[] | exp=[] | create=[] | delete=[] | preserve=[] | nonReg=[]
206991-6SW | aw=[shiekh] | cur=[] | exp=[shiekh] | create=[shiekh] | delete=[] | preserve=[] | nonReg=[]
209845-1001 | aw=[] | cur=[] | exp=[] | create=[] | delete=[] | preserve=[] | nonReg=[]
280647 | aw=[karmaloop] | cur=[karmaloop,shiekh] | exp=[karmaloop] | create=[] | delete=[shiekh] | preserve=[karmaloop] | nonReg=[]
280647-BWH | aw=[karmaloop] | cur=[karmaloop] | exp=[karmaloop] | create=[] | delete=[] | preserve=[karmaloop] | nonReg=[]
32051035-GRN | aw=[] | cur=[karmaloop,plndr,shiekh] | exp=[] | create=[] | delete=[karmaloop,plndr,shiekh] | preserve=[] | nonReg=[]
32051040-MULTI | aw=[] | cur=[karmaloop,plndr,shiekh] | exp=[] | create=[] | delete=[karmaloop,plndr,shiekh] | preserve=[] | nonReg=[]
341-921CRM | aw=[mltd] | cur=[] | exp=[mltd] | create=[mltd] | delete=[] | preserve=[] | nonReg=[]
390000463 | aw=[] | cur=[] | exp=[] | create=[] | delete=[] | preserve=[] | nonReg=[]
39652001 | aw=[] | cur=[] | exp=[] | create=[] | delete=[] | preserve=[] | nonReg=[]
396B-BLK | aw=[] | cur=[] | exp=[] | create=[] | delete=[] | preserve=[] | nonReg=[]
399001975 | aw=[] | cur=[] | exp=[] | create=[] | delete=[] | preserve=[] | nonReg=[]
3J238 | aw=[] | cur=[shiekh,shiekhshoes] | exp=[] | create=[] | delete=[shiekh,shiekhshoes] | preserve=[] | nonReg=[]
40988 | aw=[] | cur=[shiekh] | exp=[] | create=[] | delete=[shiekh] | preserve=[] | nonReg=[]
451-7301BLK | aw=[] | cur=[] | exp=[] | create=[] | delete=[] | preserve=[] | nonReg=[]
4A1H13 | aw=[karmaloop] | cur=[karmaloop,shiekh] | exp=[karmaloop] | create=[] | delete=[shiekh] | preserve=[karmaloop] | nonReg=[]
4A8H63 | aw=[karmaloop] | cur=[karmaloop,plndr,shiekh] | exp=[karmaloop] | create=[] | delete=[plndr,shiekh] | preserve=[karmaloop] | nonReg=[]
5125031 | aw=[karmaloop] | cur=[karmaloop,mltd,shiekh] | exp=[karmaloop] | create=[] | delete=[mltd,shiekh] | preserve=[karmaloop] | nonReg=[]
5157886 | aw=[karmaloop] | cur=[karmaloop,shiekh] | exp=[karmaloop] | create=[] | delete=[shiekh] | preserve=[karmaloop] | nonReg=[]
5158362A | aw=[karmaloop] | cur=[karmaloop,mltd,shiekh] | exp=[karmaloop] | create=[] | delete=[mltd,shiekh] | preserve=[karmaloop] | nonReg=[]
5158364C | aw=[karmaloop] | cur=[karmaloop,mltd,shiekh] | exp=[karmaloop] | create=[] | delete=[mltd,shiekh] | preserve=[karmaloop] | nonReg=[]
5161840 | aw=[karmaloop] | cur=[karmaloop,mltd,shiekh] | exp=[karmaloop] | create=[] | delete=[mltd,shiekh] | preserve=[karmaloop] | nonReg=[]
5161841-JL4448 | aw=[karmaloop] | cur=[karmaloop,mltd,shiekh] | exp=[karmaloop] | create=[] | delete=[mltd,shiekh] | preserve=[karmaloop] | nonReg=[]
554724 069 | aw=[] | cur=[shiekh] | exp=[] | create=[] | delete=[shiekh] | preserve=[] | nonReg=[]
560771 | aw=[] | cur=[] | exp=[] | create=[] | delete=[] | preserve=[] | nonReg=[]
60113074 | aw=[] | cur=[karmaloop,plndr,shiekh] | exp=[] | create=[] | delete=[karmaloop,plndr,shiekh] | preserve=[] | nonReg=[]
60113270 | aw=[] | cur=[karmaloop,shiekh] | exp=[] | create=[] | delete=[karmaloop,shiekh] | preserve=[] | nonReg=[]
60807906 | aw=[] | cur=[] | exp=[] | create=[] | delete=[] | preserve=[] | nonReg=[]
60918518 | aw=[] | cur=[] | exp=[] | create=[] | delete=[] | preserve=[] | nonReg=[]
610-31131FB-BK | aw=[] | cur=[] | exp=[] | create=[] | delete=[] | preserve=[] | nonReg=[]
62783601 | aw=[] | cur=[] | exp=[] | create=[] | delete=[] | preserve=[] | nonReg=[]
687977 111 | aw=[] | cur=[] | exp=[] | create=[] | delete=[] | preserve=[] | nonReg=[]
70234601 | aw=[] | cur=[karmaloop,shiekh] | exp=[] | create=[] | delete=[karmaloop,shiekh] | preserve=[] | nonReg=[]
703-0909-GLD | aw=[] | cur=[karmaloop,plndr] | exp=[] | create=[] | delete=[karmaloop,plndr] | preserve=[] | nonReg=[]
83343-101-M | aw=[] | cur=[] | exp=[] | create=[] | delete=[] | preserve=[] | nonReg=[]
851-4801BLK | aw=[] | cur=[] | exp=[] | create=[] | delete=[] | preserve=[] | nonReg=[]
851-7802NVY | aw=[] | cur=[] | exp=[] | create=[] | delete=[] | preserve=[] | nonReg=[]
851-8208-BLK | aw=[karmaloop] | cur=[karmaloop] | exp=[karmaloop] | create=[] | delete=[] | preserve=[karmaloop] | nonReg=[]
851-8208-WHT | aw=[] | cur=[] | exp=[] | create=[] | delete=[] | preserve=[] | nonReg=[]
851-8802-BLK | aw=[] | cur=[] | exp=[] | create=[] | delete=[] | preserve=[] | nonReg=[]
900177-WHT | aw=[] | cur=[] | exp=[] | create=[] | delete=[] | preserve=[] | nonReg=[]
942-511BLK | aw=[] | cur=[fbrk,karmaloop,shiekh] | exp=[] | create=[] | delete=[fbrk,karmaloop,shiekh] | preserve=[] | nonReg=[]
942-715BLUE | aw=[] | cur=[] | exp=[] | create=[] | delete=[] | preserve=[] | nonReg=[]
94654 | aw=[] | cur=[plndr,shiekh] | exp=[] | create=[] | delete=[plndr,shiekh] | preserve=[] | nonReg=[]
952-101BLK | aw=[] | cur=[karmaloop,shiekh] | exp=[] | create=[] | delete=[karmaloop,shiekh] | preserve=[] | nonReg=[]
952-111BLK | aw=[] | cur=[karmaloop,shiekh] | exp=[] | create=[] | delete=[karmaloop,shiekh] | preserve=[] | nonReg=[]
A00-43435BLK | aw=[mltd.com,shiekh.com] | cur=[] | exp=[mltd,shiekh] | create=[mltd,shiekh] | delete=[] | preserve=[] | nonReg=[]
A15617C | aw=[] | cur=[karmaloop,shiekh] | exp=[] | create=[] | delete=[karmaloop,shiekh] | preserve=[] | nonReg=[]
A2B00193 | aw=[vnds.com] | cur=[] | exp=[] | create=[] | delete=[] | preserve=[] | nonReg=[vnds.com]
A49A0018 | aw=[vnds.com] | cur=[] | exp=[] | create=[] | delete=[] | preserve=[] | nonReg=[vnds.com]
A49A0019 | aw=[vnds.com] | cur=[] | exp=[] | create=[] | delete=[] | preserve=[] | nonReg=[vnds.com]
A49A0019-B | aw=[vnds.com] | cur=[] | exp=[] | create=[] | delete=[] | preserve=[] | nonReg=[vnds.com]
A52A8941 | aw=[vnds.com] | cur=[] | exp=[] | create=[] | delete=[] | preserve=[] | nonReg=[vnds.com]
ACV8357 | aw=[vnds.com] | cur=[] | exp=[] | create=[] | delete=[] | preserve=[] | nonReg=[vnds.com]
AF5836 | aw=[karmaloop] | cur=[karmaloop,shiekh] | exp=[karmaloop] | create=[] | delete=[shiekh] | preserve=[karmaloop] | nonReg=[]
AJY54241-LSU90SONATGD | aw=[] | cur=[karmaloop,shiekh] | exp=[] | create=[] | delete=[karmaloop,shiekh] | preserve=[] | nonReg=[]
ANCORA-RG | aw=[] | cur=[plndr,shiekh] | exp=[] | create=[] | delete=[plndr,shiekh] | preserve=[] | nonReg=[]
AP24113-WCAMO | aw=[] | cur=[karmaloop,shiekh] | exp=[] | create=[] | delete=[karmaloop,shiekh] | preserve=[] | nonReg=[]
AQ1701 | aw=[karmaloop] | cur=[karmaloop,shiekh] | exp=[karmaloop] | create=[] | delete=[shiekh] | preserve=[karmaloop] | nonReg=[]
AQ1702 | aw=[karmaloop] | cur=[karmaloop,mltd,shiekh] | exp=[karmaloop] | create=[] | delete=[mltd,shiekh] | preserve=[karmaloop] | nonReg=[]
AQ1703 | aw=[karmaloop] | cur=[karmaloop,mltd,shiekh] | exp=[karmaloop] | create=[] | delete=[mltd,shiekh] | preserve=[karmaloop] | nonReg=[]
AQ3091 | aw=[karmaloop] | cur=[karmaloop,shiekh,shiekhshoes] | exp=[karmaloop] | create=[] | delete=[shiekh,shiekhshoes] | preserve=[karmaloop] | nonReg=[]
AY8133-BLK | aw=[karmaloop] | cur=[karmaloop,plndr] | exp=[karmaloop] | create=[] | delete=[plndr] | preserve=[karmaloop] | nonReg=[]
AY8945-OLICAR | aw=[karmaloop] | cur=[karmaloop,plndr] | exp=[karmaloop] | create=[] | delete=[plndr] | preserve=[karmaloop] | nonReg=[]
AY9267-UTIBLU | aw=[karmaloop] | cur=[karmaloop,plndr] | exp=[karmaloop] | create=[] | delete=[plndr] | preserve=[karmaloop] | nonReg=[]
AZFACEMASK-BLK | aw=[] | cur=[karmaloop,plndr,shiekh] | exp=[] | create=[] | delete=[karmaloop,plndr,shiekh] | preserve=[] | nonReg=[]
B000027990399 | aw=[] | cur=[] | exp=[] | create=[] | delete=[] | preserve=[] | nonReg=[]
B24105-WHG | aw=[karmaloop] | cur=[karmaloop,plndr,shiekh,shiekhshoes] | exp=[karmaloop] | create=[] | delete=[plndr,shiekh,shiekhshoes] | preserve=[karmaloop] | nonReg=[]
B75806 | aw=[karmaloop] | cur=[karmaloop,mltd,shiekh] | exp=[karmaloop] | create=[] | delete=[mltd,shiekh] | preserve=[karmaloop] | nonReg=[]
B75807 | aw=[karmaloop] | cur=[karmaloop,mltd,shiekh] | exp=[karmaloop] | create=[] | delete=[mltd,shiekh] | preserve=[karmaloop] | nonReg=[]
B94089-BWH | aw=[karmaloop] | cur=[karmaloop,plndr] | exp=[karmaloop] | create=[] | delete=[plndr] | preserve=[karmaloop] | nonReg=[]
BB1101 | aw=[karmaloop] | cur=[karmaloop,shiekh,shiekhshoes] | exp=[karmaloop] | create=[] | delete=[shiekh,shiekhshoes] | preserve=[karmaloop] | nonReg=[]
BB1296 | aw=[karmaloop] | cur=[karmaloop,shiekh] | exp=[karmaloop] | create=[] | delete=[shiekh] | preserve=[karmaloop] | nonReg=[]
BB1312-BLK | aw=[karmaloop] | cur=[karmaloop] | exp=[karmaloop] | create=[] | delete=[] | preserve=[karmaloop] | nonReg=[]
BB2502 | aw=[shiekh] | cur=[shiekh] | exp=[shiekh] | create=[] | delete=[] | preserve=[shiekh] | nonReg=[]
BB5476 | aw=[karmaloop] | cur=[karmaloop,mltd,shiekh] | exp=[karmaloop] | create=[] | delete=[mltd,shiekh] | preserve=[karmaloop] | nonReg=[]
BB9076 | aw=[plndr] | cur=[plndr,shiekh] | exp=[] | create=[] | delete=[plndr,shiekh] | preserve=[] | nonReg=[plndr]
BH6428-BLK | aw=[karmaloop] | cur=[karmaloop,plndr] | exp=[karmaloop] | create=[] | delete=[plndr] | preserve=[karmaloop] | nonReg=[]
BH6430-MUI | aw=[karmaloop] | cur=[karmaloop,plndr] | exp=[karmaloop] | create=[] | delete=[plndr] | preserve=[karmaloop] | nonReg=[]
BK0511-WHT | aw=[karmaloop] | cur=[karmaloop,plndr] | exp=[karmaloop] | create=[] | delete=[plndr] | preserve=[karmaloop] | nonReg=[]
BK6025-WHT | aw=[karmaloop] | cur=[karmaloop,plndr] | exp=[karmaloop] | create=[] | delete=[plndr] | preserve=[karmaloop] | nonReg=[]
BQ5369-CRG | aw=[karmaloop] | cur=[karmaloop,plndr] | exp=[karmaloop] | create=[] | delete=[plndr] | preserve=[karmaloop] | nonReg=[]
BQ5753-NVY | aw=[karmaloop] | cur=[karmaloop,plndr] | exp=[karmaloop] | create=[] | delete=[plndr] | preserve=[karmaloop] | nonReg=[]
BY3724 | aw=[karmaloop] | cur=[karmaloop,shiekh] | exp=[karmaloop] | create=[] | delete=[shiekh] | preserve=[karmaloop] | nonReg=[]
BY9961 | aw=[plndr] | cur=[plndr,shiekh] | exp=[] | create=[] | delete=[plndr,shiekh] | preserve=[] | nonReg=[plndr]
C14211N-BLK | aw=[] | cur=[] | exp=[] | create=[] | delete=[] | preserve=[] | nonReg=[]
C77153 | aw=[karmaloop] | cur=[karmaloop,shiekh,shiekhshoes] | exp=[karmaloop] | create=[] | delete=[shiekh,shiekhshoes] | preserve=[karmaloop] | nonReg=[]
CE2311-MLT | aw=[karmaloop] | cur=[karmaloop,plndr,shiekh] | exp=[karmaloop] | create=[] | delete=[plndr,shiekh] | preserve=[karmaloop] | nonReg=[]
CE7607-BLW | aw=[karmaloop] | cur=[karmaloop,plndr,shiekh] | exp=[karmaloop] | create=[] | delete=[plndr,shiekh] | preserve=[karmaloop] | nonReg=[]
CE8299-RPK | aw=[karmaloop] | cur=[karmaloop,plndr] | exp=[karmaloop] | create=[] | delete=[plndr] | preserve=[karmaloop] | nonReg=[]
CG6228-BLK | aw=[karmaloop] | cur=[karmaloop,plndr] | exp=[karmaloop] | create=[] | delete=[plndr] | preserve=[karmaloop] | nonReg=[]
CI0914-BLK | aw=[karmaloop] | cur=[karmaloop,plndr] | exp=[karmaloop] | create=[] | delete=[plndr] | preserve=[karmaloop] | nonReg=[]
CI8723 | aw=[karmaloop] | cur=[karmaloop,mltd,shiekh] | exp=[karmaloop] | create=[] | delete=[mltd,shiekh] | preserve=[karmaloop] | nonReg=[]
CI9853 | aw=[karmaloop] | cur=[karmaloop,mltd,shiekh] | exp=[karmaloop] | create=[] | delete=[mltd,shiekh] | preserve=[karmaloop] | nonReg=[]
CN0149 001 | aw=[] | cur=[] | exp=[] | create=[] | delete=[] | preserve=[] | nonReg=[]
CQ2118-VNDS | aw=[vnds.com] | cur=[trendswap] | exp=[] | create=[] | delete=[trendswap] | preserve=[] | nonReg=[vnds.com]
CRY-SPR226-019 | aw=[] | cur=[] | exp=[] | create=[] | delete=[] | preserve=[] | nonReg=[]
CRY-SPR226-029 | aw=[] | cur=[] | exp=[] | create=[] | delete=[] | preserve=[] | nonReg=[]
CT8529 001 | aw=[] | cur=[shiekh] | exp=[] | create=[] | delete=[shiekh] | preserve=[] | nonReg=[]
CW2288 001 | aw=[] | cur=[shiekh] | exp=[] | create=[] | delete=[shiekh] | preserve=[] | nonReg=[]
CW2288 111 | aw=[] | cur=[shiekh] | exp=[] | create=[] | delete=[shiekh] | preserve=[] | nonReg=[]
DB2961 | aw=[karmaloop] | cur=[karmaloop,shiekh,shiekhshoes] | exp=[karmaloop] | create=[] | delete=[shiekh,shiekhshoes] | preserve=[karmaloop] | nonReg=[]
DC9651 100 | aw=[] | cur=[] | exp=[] | create=[] | delete=[] | preserve=[] | nonReg=[]
DD1391 100 | aw=[] | cur=[shiekh] | exp=[] | create=[] | delete=[shiekh] | preserve=[] | nonReg=[]
DD8959 100 | aw=[] | cur=[shiekh] | exp=[] | create=[] | delete=[shiekh] | preserve=[] | nonReg=[]
DH2920 111 | aw=[] | cur=[shiekh] | exp=[] | create=[] | delete=[shiekh] | preserve=[] | nonReg=[]
DM0967 080 | aw=[] | cur=[shiekh] | exp=[] | create=[] | delete=[shiekh] | preserve=[] | nonReg=[]
DN3707 202 | aw=[] | cur=[shiekh] | exp=[] | create=[] | delete=[shiekh] | preserve=[] | nonReg=[]
DO0613 007 | aw=[] | cur=[] | exp=[] | create=[] | delete=[] | preserve=[] | nonReg=[]
DQ8426 003 | aw=[] | cur=[] | exp=[] | create=[] | delete=[] | preserve=[] | nonReg=[]
DZ5485 402 | aw=[] | cur=[shiekh] | exp=[] | create=[] | delete=[shiekh] | preserve=[] | nonReg=[]
E4006-MULTI | aw=[] | cur=[karmaloop,shiekh] | exp=[] | create=[] | delete=[karmaloop,shiekh] | preserve=[] | nonReg=[]
EA1901 | aw=[vnds.com] | cur=[] | exp=[] | create=[] | delete=[] | preserve=[] | nonReg=[vnds.com]
EE4443 | aw=[karmaloop] | cur=[karmaloop,plndr,shiekh] | exp=[karmaloop] | create=[] | delete=[plndr,shiekh] | preserve=[karmaloop] | nonReg=[]
EE5318 | aw=[karmaloop] | cur=[karmaloop] | exp=[karmaloop] | create=[] | delete=[] | preserve=[karmaloop] | nonReg=[]
EE7362 | aw=[shiekh] | cur=[shiekh] | exp=[shiekh] | create=[] | delete=[] | preserve=[shiekh] | nonReg=[]
EF2905 | aw=[shiekh] | cur=[shiekh] | exp=[shiekh] | create=[] | delete=[] | preserve=[shiekh] | nonReg=[]
EF4842 | aw=[shiekh] | cur=[shiekh] | exp=[shiekh] | create=[] | delete=[] | preserve=[shiekh] | nonReg=[]
EF5397 | aw=[shiekh] | cur=[shiekh] | exp=[shiekh] | create=[] | delete=[] | preserve=[shiekh] | nonReg=[]
EF5398 | aw=[shiekh] | cur=[shiekh] | exp=[shiekh] | create=[] | delete=[] | preserve=[shiekh] | nonReg=[]
EF5507 | aw=[karmaloop] | cur=[karmaloop,plndr,shiekh] | exp=[karmaloop] | create=[] | delete=[plndr,shiekh] | preserve=[karmaloop] | nonReg=[]
EF6094 | aw=[shiekh] | cur=[shiekh] | exp=[shiekh] | create=[] | delete=[] | preserve=[shiekh] | nonReg=[]
ES25172-OATMEAL | aw=[] | cur=[] | exp=[] | create=[] | delete=[] | preserve=[] | nonReg=[]
F026S455SK-BLK | aw=[] | cur=[] | exp=[] | create=[] | delete=[] | preserve=[] | nonReg=[]
F026S455SK-CARO | aw=[] | cur=[] | exp=[] | create=[] | delete=[] | preserve=[] | nonReg=[]
F35242 | aw=[karmaloop] | cur=[karmaloop] | exp=[karmaloop] | create=[] | delete=[] | preserve=[karmaloop] | nonReg=[]
FBRK-C61694S-VINT | aw=[] | cur=[] | exp=[] | create=[] | delete=[] | preserve=[] | nonReg=[]
FBRK-MASK02 | aw=[] | cur=[fbrk,karmaloop,plndr,shiekh] | exp=[] | create=[] | delete=[fbrk,karmaloop,plndr,shiekh] | preserve=[] | nonReg=[]
FBRK133072-TINT | aw=[fbrkclothing.com] | cur=[fbrk] | exp=[] | create=[] | delete=[fbrk] | preserve=[] | nonReg=[fbrkclothing.com]
FC11232-UNCGYHT | aw=[] | cur=[] | exp=[] | create=[] | delete=[] | preserve=[] | nonReg=[]
FD CLASS-H__SILVER GLITTER | aw=[] | cur=[plndr,shiekh,shiekhshoes,trendswap] | exp=[] | create=[] | delete=[plndr,shiekh,shiekhshoes,trendswap] | preserve=[] | nonReg=[]
FD6757 301 | aw=[] | cur=[] | exp=[] | create=[] | delete=[] | preserve=[] | nonReg=[]
FM-10CAMOBITE | aw=[] | cur=[karmaloop,plndr,shiekh] | exp=[] | create=[] | delete=[karmaloop,plndr,shiekh] | preserve=[] | nonReg=[]
FM-WTCHURHED-ORG | aw=[] | cur=[karmaloop,plndr,shiekh] | exp=[] | create=[] | delete=[karmaloop,plndr,shiekh] | preserve=[] | nonReg=[]
FQ2062 | aw=[karmaloop] | cur=[karmaloop,plndr,shiekh] | exp=[karmaloop] | create=[] | delete=[plndr,shiekh] | preserve=[karmaloop] | nonReg=[]
FQ8213 600 | aw=[] | cur=[] | exp=[] | create=[] | delete=[] | preserve=[] | nonReg=[]
FQ8249 100 | aw=[] | cur=[shiekh] | exp=[] | create=[] | delete=[shiekh] | preserve=[] | nonReg=[]
FS6161 | aw=[karmaloop] | cur=[karmaloop,plndr,shiekh] | exp=[karmaloop] | create=[] | delete=[plndr,shiekh] | preserve=[karmaloop] | nonReg=[]
FU7712 | aw=[shiekh] | cur=[shiekh] | exp=[shiekh] | create=[] | delete=[] | preserve=[shiekh] | nonReg=[]
FV3703 | aw=[shiekh] | cur=[shiekh] | exp=[shiekh] | create=[] | delete=[] | preserve=[shiekh] | nonReg=[]
FV5104 100 | aw=[] | cur=[shiekh] | exp=[] | create=[] | delete=[shiekh] | preserve=[] | nonReg=[]
FV5296 010 | aw=[] | cur=[] | exp=[] | create=[] | delete=[] | preserve=[] | nonReg=[]
FV5951 001 | aw=[] | cur=[shiekh] | exp=[] | create=[] | delete=[shiekh] | preserve=[] | nonReg=[]
FV7261 | aw=[vnds.com] | cur=[] | exp=[] | create=[] | delete=[] | preserve=[] | nonReg=[vnds.com]
FV7289 | aw=[vnds.com] | cur=[] | exp=[] | create=[] | delete=[] | preserve=[] | nonReg=[vnds.com]
FW0819 | aw=[shiekh] | cur=[shiekh] | exp=[shiekh] | create=[] | delete=[] | preserve=[shiekh] | nonReg=[]
FW8293 | aw=[shiekh] | cur=[shiekh] | exp=[shiekh] | create=[] | delete=[] | preserve=[shiekh] | nonReg=[]
FX5938 | aw=[shiekh] | cur=[shiekh] | exp=[shiekh] | create=[] | delete=[] | preserve=[shiekh] | nonReg=[]
FX8056 | aw=[vnds.com] | cur=[] | exp=[] | create=[] | delete=[] | preserve=[] | nonReg=[vnds.com]
FY6535 | aw=[shiekh] | cur=[shiekh] | exp=[shiekh] | create=[] | delete=[] | preserve=[shiekh] | nonReg=[]
FY8970 | aw=[karmaloop] | cur=[karmaloop,plndr,shiekh] | exp=[karmaloop] | create=[] | delete=[plndr,shiekh] | preserve=[karmaloop] | nonReg=[]
FY9121 | aw=[karmaloop] | cur=[karmaloop,shiekh] | exp=[karmaloop] | create=[] | delete=[shiekh] | preserve=[karmaloop] | nonReg=[]
FZ4007 | aw=[karmaloop] | cur=[karmaloop,shiekh] | exp=[karmaloop] | create=[] | delete=[shiekh] | preserve=[karmaloop] | nonReg=[]
FZ6208 | aw=[shiekh] | cur=[shiekh] | exp=[shiekh] | create=[] | delete=[] | preserve=[shiekh] | nonReg=[]
GC6792 | aw=[karmaloop] | cur=[karmaloop,plndr,shiekh] | exp=[karmaloop] | create=[] | delete=[plndr,shiekh] | preserve=[karmaloop] | nonReg=[]
GF0210 | aw=[karmaloop] | cur=[karmaloop,plndr,shiekh] | exp=[karmaloop] | create=[] | delete=[plndr,shiekh] | preserve=[karmaloop] | nonReg=[]
GM1583 | aw=[karmaloop] | cur=[karmaloop,plndr,shiekh] | exp=[karmaloop] | create=[] | delete=[plndr,shiekh] | preserve=[karmaloop] | nonReg=[]
GN5097 | aw=[karmaloop] | cur=[karmaloop,plndr,shiekh] | exp=[karmaloop] | create=[] | delete=[plndr,shiekh] | preserve=[karmaloop] | nonReg=[]
GP3458 | aw=[karmaloop] | cur=[karmaloop,plndr,shiekh] | exp=[karmaloop] | create=[] | delete=[plndr,shiekh] | preserve=[karmaloop] | nonReg=[]
GV8746 | aw=[karmaloop] | cur=[karmaloop,shiekh] | exp=[karmaloop] | create=[] | delete=[shiekh] | preserve=[karmaloop] | nonReg=[]
GW2289 | aw=[karmaloop] | cur=[karmaloop,shiekh] | exp=[karmaloop] | create=[] | delete=[shiekh] | preserve=[karmaloop] | nonReg=[]
GW2870 | aw=[shiekh] | cur=[mltd,shiekh] | exp=[shiekh] | create=[] | delete=[mltd] | preserve=[shiekh] | nonReg=[]
GW2945 | aw=[] | cur=[karmaloop,shiekh] | exp=[] | create=[] | delete=[karmaloop,shiekh] | preserve=[] | nonReg=[]
GW8184 | aw=[shiekh] | cur=[shiekh] | exp=[shiekh] | create=[] | delete=[] | preserve=[shiekh] | nonReg=[]
GX1317 | aw=[shiekh] | cur=[shiekh] | exp=[shiekh] | create=[] | delete=[] | preserve=[shiekh] | nonReg=[]
GY8947 | aw=[shiekh] | cur=[shiekh] | exp=[shiekh] | create=[] | delete=[] | preserve=[shiekh] | nonReg=[]
GZ1664 | aw=[vnds.com] | cur=[] | exp=[] | create=[] | delete=[] | preserve=[] | nonReg=[vnds.com]
GZ3741 | aw=[karmaloop] | cur=[karmaloop,shiekh] | exp=[karmaloop] | create=[] | delete=[shiekh] | preserve=[karmaloop] | nonReg=[]
H04407 | aw=[vnds.com] | cur=[] | exp=[] | create=[] | delete=[] | preserve=[] | nonReg=[vnds.com]
HC1930 | aw=[karmaloop] | cur=[karmaloop,shiekh] | exp=[karmaloop] | create=[] | delete=[shiekh] | preserve=[karmaloop] | nonReg=[]
HL6474 | aw=[karmaloop] | cur=[karmaloop,shiekh] | exp=[karmaloop] | create=[] | delete=[shiekh] | preserve=[karmaloop] | nonReg=[]
HP3551 | aw=[karmaloop] | cur=[karmaloop,mltd,shiekh] | exp=[karmaloop] | create=[] | delete=[mltd,shiekh] | preserve=[karmaloop] | nonReg=[]
HP6517 | aw=[karmaloop] | cur=[karmaloop,mltd,shiekh] | exp=[karmaloop] | create=[] | delete=[mltd,shiekh] | preserve=[karmaloop] | nonReg=[]
HP6522 | aw=[karmaloop] | cur=[karmaloop,shiekh] | exp=[karmaloop] | create=[] | delete=[shiekh] | preserve=[karmaloop] | nonReg=[]
HP8739 | aw=[shiekh] | cur=[shiekh] | exp=[shiekh] | create=[] | delete=[] | preserve=[shiekh] | nonReg=[]
HQ1901 | aw=[shiekh] | cur=[shiekh] | exp=[shiekh] | create=[] | delete=[] | preserve=[shiekh] | nonReg=[]
HQ4951 | aw=[karmaloop] | cur=[karmaloop,mltd,shiekh] | exp=[karmaloop] | create=[] | delete=[mltd,shiekh] | preserve=[karmaloop] | nonReg=[]
HQ6638 | aw=[shiekh] | cur=[shiekh] | exp=[shiekh] | create=[] | delete=[] | preserve=[shiekh] | nonReg=[]
HQ6862 | aw=[karmaloop] | cur=[karmaloop,shiekh] | exp=[karmaloop] | create=[] | delete=[shiekh] | preserve=[karmaloop] | nonReg=[]
HQ6998 600 | aw=[] | cur=[shiekh] | exp=[] | create=[] | delete=[shiekh] | preserve=[] | nonReg=[]
HQ7468 | aw=[karmaloop] | cur=[karmaloop,shiekh] | exp=[karmaloop] | create=[] | delete=[shiekh] | preserve=[karmaloop] | nonReg=[]
HQ7553 | aw=[karmaloop] | cur=[karmaloop,shiekh] | exp=[karmaloop] | create=[] | delete=[shiekh] | preserve=[karmaloop] | nonReg=[]
HQ7555 | aw=[karmaloop] | cur=[karmaloop,shiekh] | exp=[karmaloop] | create=[] | delete=[shiekh] | preserve=[karmaloop] | nonReg=[]
HQ8708 | aw=[karmaloop] | cur=[karmaloop,mltd,shiekh] | exp=[karmaloop] | create=[] | delete=[mltd,shiekh] | preserve=[karmaloop] | nonReg=[]
HQ9987 | aw=[shiekh] | cur=[shiekh] | exp=[shiekh] | create=[] | delete=[] | preserve=[shiekh] | nonReg=[]
HR7020 | aw=[karmaloop] | cur=[karmaloop,shiekh] | exp=[karmaloop] | create=[] | delete=[shiekh] | preserve=[karmaloop] | nonReg=[]
HR7133 | aw=[karmaloop] | cur=[karmaloop,shiekh] | exp=[karmaloop] | create=[] | delete=[shiekh] | preserve=[karmaloop] | nonReg=[]
HS7490 | aw=[shiekh] | cur=[mltd,shiekh] | exp=[shiekh] | create=[] | delete=[mltd] | preserve=[shiekh] | nonReg=[]
HT5696 | aw=[karmaloop] | cur=[karmaloop,shiekh] | exp=[karmaloop] | create=[] | delete=[shiekh] | preserve=[karmaloop] | nonReg=[]
HTG230492BLK | aw=[] | cur=[] | exp=[] | create=[] | delete=[] | preserve=[] | nonReg=[]
HTG230493wht | aw=[mltd.com] | cur=[mltd,shiekh] | exp=[mltd] | create=[] | delete=[shiekh] | preserve=[mltd] | nonReg=[]
HTG230494brn | aw=[] | cur=[] | exp=[] | create=[] | delete=[] | preserve=[] | nonReg=[]
HTG240149 | aw=[] | cur=[karmaloop,mltd] | exp=[] | create=[] | delete=[karmaloop,mltd] | preserve=[] | nonReg=[]
HTG250221BLU | aw=[] | cur=[] | exp=[] | create=[] | delete=[] | preserve=[] | nonReg=[]
HTG250221BNE | aw=[] | cur=[] | exp=[] | create=[] | delete=[] | preserve=[] | nonReg=[]
HV4089 006 | aw=[] | cur=[shiekh] | exp=[] | create=[] | delete=[shiekh] | preserve=[] | nonReg=[]
HV5060 001 | aw=[] | cur=[shiekh] | exp=[] | create=[] | delete=[shiekh] | preserve=[] | nonReg=[]
HV5060 002 | aw=[] | cur=[shiekh] | exp=[] | create=[] | delete=[shiekh] | preserve=[] | nonReg=[]
HV5060 100 | aw=[shiekh] | cur=[shiekh] | exp=[shiekh] | create=[] | delete=[] | preserve=[shiekh] | nonReg=[]
HV5060 800 | aw=[] | cur=[shiekh] | exp=[] | create=[] | delete=[shiekh] | preserve=[] | nonReg=[]
HY7584 | aw=[karmaloop] | cur=[karmaloop,shiekh] | exp=[karmaloop] | create=[] | delete=[shiekh] | preserve=[karmaloop] | nonReg=[]
IA4785 | aw=[karmaloop] | cur=[karmaloop,shiekh] | exp=[karmaloop] | create=[] | delete=[shiekh] | preserve=[karmaloop] | nonReg=[]
IA4791 | aw=[karmaloop] | cur=[karmaloop,shiekh] | exp=[karmaloop] | create=[] | delete=[shiekh] | preserve=[karmaloop] | nonReg=[]
IB3937 010 | aw=[] | cur=[] | exp=[] | create=[] | delete=[] | preserve=[] | nonReg=[]
IB3937 485 | aw=[] | cur=[] | exp=[] | create=[] | delete=[] | preserve=[] | nonReg=[]
IB5824 100 | aw=[] | cur=[] | exp=[] | create=[] | delete=[] | preserve=[] | nonReg=[]
ID1481 | aw=[karmaloop] | cur=[karmaloop,mltd,shiekh] | exp=[karmaloop] | create=[] | delete=[mltd,shiekh] | preserve=[karmaloop] | nonReg=[]
ID1600 | aw=[mltd] | cur=[mltd,shiekh] | exp=[mltd] | create=[] | delete=[shiekh] | preserve=[mltd] | nonReg=[]
ID2529 | aw=[shiekh] | cur=[mltd,shiekh] | exp=[shiekh] | create=[] | delete=[mltd] | preserve=[shiekh] | nonReg=[]
ID2534 | aw=[shiekh] | cur=[mltd,shiekh] | exp=[shiekh] | create=[] | delete=[mltd] | preserve=[shiekh] | nonReg=[]
ID4636 | aw=[karmaloop] | cur=[karmaloop,shiekh] | exp=[karmaloop] | create=[] | delete=[shiekh] | preserve=[karmaloop] | nonReg=[]
ID4811 | aw=[shiekh] | cur=[mltd,shiekh] | exp=[shiekh] | create=[] | delete=[mltd] | preserve=[shiekh] | nonReg=[]
ID7187 | aw=[shiekh] | cur=[shiekh] | exp=[shiekh] | create=[] | delete=[] | preserve=[shiekh] | nonReg=[]
ID9709 | aw=[shiekh] | cur=[shiekh] | exp=[shiekh] | create=[] | delete=[] | preserve=[shiekh] | nonReg=[]
IE3438 | aw=[karmaloop] | cur=[karmaloop,mltd,shiekh] | exp=[karmaloop] | create=[] | delete=[mltd,shiekh] | preserve=[karmaloop] | nonReg=[]
IE3517 | aw=[karmaloop] | cur=[karmaloop,shiekh] | exp=[karmaloop] | create=[] | delete=[shiekh] | preserve=[karmaloop] | nonReg=[]
IE3675 | aw=[shiekh] | cur=[shiekh] | exp=[shiekh] | create=[] | delete=[] | preserve=[shiekh] | nonReg=[]
IE3676 | aw=[shiekh] | cur=[shiekh] | exp=[shiekh] | create=[] | delete=[] | preserve=[shiekh] | nonReg=[]
IE3677 | aw=[shiekh] | cur=[shiekh] | exp=[shiekh] | create=[] | delete=[] | preserve=[shiekh] | nonReg=[]
IE3678 | aw=[shiekh] | cur=[shiekh] | exp=[shiekh] | create=[] | delete=[] | preserve=[shiekh] | nonReg=[]
IE3679 | aw=[shiekh] | cur=[shiekh] | exp=[shiekh] | create=[] | delete=[] | preserve=[shiekh] | nonReg=[]
IE3680 | aw=[shiekh] | cur=[shiekh] | exp=[shiekh] | create=[] | delete=[] | preserve=[shiekh] | nonReg=[]
IE5612 | aw=[shiekh] | cur=[shiekh] | exp=[shiekh] | create=[] | delete=[] | preserve=[shiekh] | nonReg=[]
IE7052 | aw=[karmaloop] | cur=[karmaloop,shiekh] | exp=[karmaloop] | create=[] | delete=[shiekh] | preserve=[karmaloop] | nonReg=[]
IF1024 684 | aw=[] | cur=[] | exp=[] | create=[] | delete=[] | preserve=[] | nonReg=[]
IF1746 601 | aw=[] | cur=[shiekh] | exp=[] | create=[] | delete=[shiekh] | preserve=[] | nonReg=[]
IF1961 133 | aw=[] | cur=[] | exp=[] | create=[] | delete=[] | preserve=[] | nonReg=[]
IF3157 068 | aw=[] | cur=[] | exp=[] | create=[] | delete=[] | preserve=[] | nonReg=[]
IF3899 | aw=[karmaloop] | cur=[karmaloop,shiekh] | exp=[karmaloop] | create=[] | delete=[shiekh] | preserve=[karmaloop] | nonReg=[]
IF4014 | aw=[karmaloop] | cur=[karmaloop,shiekh] | exp=[karmaloop] | create=[] | delete=[shiekh] | preserve=[karmaloop] | nonReg=[]
IF4540 | aw=[karmaloop] | cur=[karmaloop,shiekh] | exp=[karmaloop] | create=[] | delete=[shiekh] | preserve=[karmaloop] | nonReg=[]
IF6513 | aw=[karmaloop] | cur=[karmaloop,mltd,shiekh] | exp=[karmaloop] | create=[] | delete=[mltd,shiekh] | preserve=[karmaloop] | nonReg=[]
IF7147 | aw=[shiekh] | cur=[shiekh] | exp=[shiekh] | create=[] | delete=[] | preserve=[shiekh] | nonReg=[]
IF9655 | aw=[karmaloop] | cur=[karmaloop,shiekh] | exp=[karmaloop] | create=[] | delete=[shiekh] | preserve=[karmaloop] | nonReg=[]
IG1024 | aw=[karmaloop] | cur=[karmaloop,mltd,shiekh] | exp=[karmaloop] | create=[] | delete=[mltd,shiekh] | preserve=[karmaloop] | nonReg=[]
IG1524 | aw=[shiekh] | cur=[shiekh] | exp=[shiekh] | create=[] | delete=[] | preserve=[shiekh] | nonReg=[]
IG1825 | aw=[karmaloop] | cur=[karmaloop,mltd,shiekh] | exp=[karmaloop] | create=[] | delete=[mltd,shiekh] | preserve=[karmaloop] | nonReg=[]
IG1826 | aw=[karmaloop] | cur=[karmaloop,mltd,shiekh] | exp=[karmaloop] | create=[] | delete=[mltd,shiekh] | preserve=[karmaloop] | nonReg=[]
IG2093 | aw=[karmaloop] | cur=[karmaloop,shiekh] | exp=[karmaloop] | create=[] | delete=[shiekh] | preserve=[karmaloop] | nonReg=[]
IG2095 | aw=[karmaloop] | cur=[karmaloop,shiekh] | exp=[karmaloop] | create=[] | delete=[shiekh] | preserve=[karmaloop] | nonReg=[]
IG4706 | aw=[karmaloop] | cur=[karmaloop,shiekh] | exp=[karmaloop] | create=[] | delete=[shiekh] | preserve=[karmaloop] | nonReg=[]
IG6173 | aw=[karmaloop] | cur=[karmaloop,mltd,shiekh] | exp=[karmaloop] | create=[] | delete=[mltd,shiekh] | preserve=[karmaloop] | nonReg=[]
IG6668 | aw=[karmaloop] | cur=[karmaloop,mltd,shiekh] | exp=[karmaloop] | create=[] | delete=[mltd,shiekh] | preserve=[karmaloop] | nonReg=[]
IG6995 | aw=[shiekh] | cur=[shiekh] | exp=[shiekh] | create=[] | delete=[] | preserve=[shiekh] | nonReg=[]
IG8168 | aw=[shiekh] | cur=[shiekh] | exp=[shiekh] | create=[] | delete=[] | preserve=[shiekh] | nonReg=[]
IG8438 | aw=[shiekh] | cur=[shiekh] | exp=[shiekh] | create=[] | delete=[] | preserve=[shiekh] | nonReg=[]
IH1732 | aw=[shiekh] | cur=[shiekh] | exp=[shiekh] | create=[] | delete=[] | preserve=[shiekh] | nonReg=[]
IH1733 | aw=[shiekh] | cur=[shiekh] | exp=[shiekh] | create=[] | delete=[] | preserve=[shiekh] | nonReg=[]
IH1734 | aw=[shiekh] | cur=[shiekh] | exp=[shiekh] | create=[] | delete=[] | preserve=[shiekh] | nonReg=[]
IH1738 | aw=[shiekh] | cur=[shiekh] | exp=[shiekh] | create=[] | delete=[] | preserve=[shiekh] | nonReg=[]
IH1743 | aw=[shiekh] | cur=[shiekh] | exp=[shiekh] | create=[] | delete=[] | preserve=[shiekh] | nonReg=[]
IH1744 | aw=[shiekh] | cur=[shiekh] | exp=[shiekh] | create=[] | delete=[] | preserve=[shiekh] | nonReg=[]
IH1752 | aw=[shiekh] | cur=[shiekh] | exp=[shiekh] | create=[] | delete=[] | preserve=[shiekh] | nonReg=[]
IH1753 | aw=[shiekh] | cur=[shiekh] | exp=[shiekh] | create=[] | delete=[] | preserve=[shiekh] | nonReg=[]
IH1754 | aw=[shiekh] | cur=[shiekh] | exp=[shiekh] | create=[] | delete=[] | preserve=[shiekh] | nonReg=[]
IH1755 | aw=[shiekh] | cur=[shiekh] | exp=[shiekh] | create=[] | delete=[] | preserve=[shiekh] | nonReg=[]
IH4123 | aw=[karmaloop] | cur=[karmaloop,mltd,shiekh] | exp=[karmaloop] | create=[] | delete=[mltd,shiekh] | preserve=[karmaloop] | nonReg=[]
IH4200 | aw=[karmaloop] | cur=[karmaloop,mltd,shiekh] | exp=[karmaloop] | create=[] | delete=[mltd,shiekh] | preserve=[karmaloop] | nonReg=[]
IH4364 | aw=[karmaloop] | cur=[karmaloop,mltd,shiekh] | exp=[karmaloop] | create=[] | delete=[mltd,shiekh] | preserve=[karmaloop] | nonReg=[]
IH4385 | aw=[karmaloop] | cur=[karmaloop,mltd,shiekh] | exp=[karmaloop] | create=[] | delete=[mltd,shiekh] | preserve=[karmaloop] | nonReg=[]
IH4635 | aw=[shiekh] | cur=[shiekh] | exp=[shiekh] | create=[] | delete=[] | preserve=[shiekh] | nonReg=[]
IH4881 | aw=[karmaloop] | cur=[karmaloop,mltd,shiekh] | exp=[karmaloop] | create=[] | delete=[mltd,shiekh] | preserve=[karmaloop] | nonReg=[]
IH6159 | aw=[karmaloop] | cur=[karmaloop,mltd,shiekh] | exp=[karmaloop] | create=[] | delete=[mltd,shiekh] | preserve=[karmaloop] | nonReg=[]
IH6392 | aw=[shiekh] | cur=[shiekh] | exp=[shiekh] | create=[] | delete=[] | preserve=[shiekh] | nonReg=[]
IH6599 | aw=[karmaloop] | cur=[karmaloop,mltd,shiekh] | exp=[karmaloop] | create=[] | delete=[mltd,shiekh] | preserve=[karmaloop] | nonReg=[]
IH6817 | aw=[karmaloop] | cur=[karmaloop,mltd,shiekh] | exp=[karmaloop] | create=[] | delete=[mltd,shiekh] | preserve=[karmaloop] | nonReg=[]
IH6827 | aw=[karmaloop] | cur=[karmaloop,shiekh] | exp=[karmaloop] | create=[] | delete=[shiekh] | preserve=[karmaloop] | nonReg=[]
IH6829 | aw=[karmaloop] | cur=[karmaloop,mltd,shiekh] | exp=[karmaloop] | create=[] | delete=[mltd,shiekh] | preserve=[karmaloop] | nonReg=[]
IH6869 | aw=[karmaloop] | cur=[karmaloop,mltd,shiekh] | exp=[karmaloop] | create=[] | delete=[mltd,shiekh] | preserve=[karmaloop] | nonReg=[]
IH7056 | aw=[shiekh] | cur=[shiekh] | exp=[shiekh] | create=[] | delete=[] | preserve=[shiekh] | nonReg=[]
IH7068 | aw=[shiekh] | cur=[shiekh] | exp=[shiekh] | create=[] | delete=[] | preserve=[shiekh] | nonReg=[]
IH8010 | aw=[shiekh] | cur=[shiekh] | exp=[shiekh] | create=[] | delete=[] | preserve=[shiekh] | nonReg=[]
IH8160 | aw=[karmaloop] | cur=[karmaloop,mltd,shiekh] | exp=[karmaloop] | create=[] | delete=[mltd,shiekh] | preserve=[karmaloop] | nonReg=[]
IH8898 | aw=[shiekh] | cur=[shiekh] | exp=[shiekh] | create=[] | delete=[] | preserve=[shiekh] | nonReg=[]
IH9055 | aw=[karmaloop] | cur=[karmaloop,mltd,shiekh] | exp=[karmaloop] | create=[] | delete=[mltd,shiekh] | preserve=[karmaloop] | nonReg=[]
IH9246 | aw=[karmaloop] | cur=[karmaloop,mltd,shiekh] | exp=[karmaloop] | create=[] | delete=[mltd,shiekh] | preserve=[karmaloop] | nonReg=[]
IH9647 | aw=[karmaloop] | cur=[karmaloop,mltd,shiekh] | exp=[karmaloop] | create=[] | delete=[mltd,shiekh] | preserve=[karmaloop] | nonReg=[]
IH9649 | aw=[karmaloop] | cur=[karmaloop,mltd,shiekh] | exp=[karmaloop] | create=[] | delete=[mltd,shiekh] | preserve=[karmaloop] | nonReg=[]
II0571 001 | aw=[] | cur=[] | exp=[] | create=[] | delete=[] | preserve=[] | nonReg=[]
IL2488 | aw=[karmaloop] | cur=[karmaloop,shiekh] | exp=[karmaloop] | create=[] | delete=[shiekh] | preserve=[karmaloop] | nonReg=[]
IM4002 100 | aw=[] | cur=[shiekh] | exp=[] | create=[] | delete=[shiekh] | preserve=[] | nonReg=[]
IM4545 | aw=[karmaloop] | cur=[karmaloop,shiekh] | exp=[karmaloop] | create=[] | delete=[shiekh] | preserve=[karmaloop] | nonReg=[]
IMEXPORT-BLK | aw=[] | cur=[] | exp=[] | create=[] | delete=[] | preserve=[] | nonReg=[]
IN2015 205 | aw=[karmaloop] | cur=[karmaloop,shiekh] | exp=[karmaloop] | create=[] | delete=[shiekh] | preserve=[karmaloop] | nonReg=[]
IN3318 | aw=[karmaloop] | cur=[karmaloop,mltd,shiekh] | exp=[karmaloop] | create=[] | delete=[mltd,shiekh] | preserve=[karmaloop] | nonReg=[]
IN5102 | aw=[shiekh] | cur=[shiekh] | exp=[shiekh] | create=[] | delete=[] | preserve=[shiekh] | nonReg=[]
IQ1275 001 | aw=[] | cur=[shiekh] | exp=[] | create=[] | delete=[shiekh] | preserve=[] | nonReg=[]
IQ3369 | aw=[karmaloop] | cur=[karmaloop,shiekh] | exp=[karmaloop] | create=[] | delete=[shiekh] | preserve=[karmaloop] | nonReg=[]
IQ9706 701 | aw=[] | cur=[shiekh] | exp=[] | create=[] | delete=[shiekh] | preserve=[] | nonReg=[]
IR1069 | aw=[karmaloop] | cur=[karmaloop,mltd,shiekh] | exp=[karmaloop] | create=[] | delete=[mltd,shiekh] | preserve=[karmaloop] | nonReg=[]
IR1643 010 | aw=[] | cur=[] | exp=[] | create=[] | delete=[] | preserve=[] | nonReg=[]
IR1643 696 | aw=[] | cur=[] | exp=[] | create=[] | delete=[] | preserve=[] | nonReg=[]
IR3985 121 | aw=[] | cur=[] | exp=[] | create=[] | delete=[] | preserve=[] | nonReg=[]
IT9683 | aw=[karmaloop] | cur=[karmaloop,shiekh] | exp=[karmaloop] | create=[] | delete=[shiekh] | preserve=[karmaloop] | nonReg=[]
IV2445 010 | aw=[] | cur=[] | exp=[] | create=[] | delete=[] | preserve=[] | nonReg=[]
IV2628 300 | aw=[] | cur=[] | exp=[] | create=[] | delete=[] | preserve=[] | nonReg=[]
IW6277 001 | aw=[] | cur=[] | exp=[] | create=[] | delete=[] | preserve=[] | nonReg=[]
IW6279 001 | aw=[] | cur=[] | exp=[] | create=[] | delete=[] | preserve=[] | nonReg=[]
IX1036 | aw=[karmaloop] | cur=[karmaloop,shiekh] | exp=[karmaloop] | create=[] | delete=[shiekh] | preserve=[karmaloop] | nonReg=[]
IX5504 | aw=[karmaloop] | cur=[karmaloop,shiekh] | exp=[karmaloop] | create=[] | delete=[shiekh] | preserve=[karmaloop] | nonReg=[]
IX6754 | aw=[karmaloop] | cur=[karmaloop,shiekh] | exp=[karmaloop] | create=[] | delete=[shiekh] | preserve=[karmaloop] | nonReg=[]
IX6756 | aw=[karmaloop] | cur=[karmaloop,shiekh] | exp=[karmaloop] | create=[] | delete=[shiekh] | preserve=[karmaloop] | nonReg=[]
IX7417 | aw=[karmaloop] | cur=[karmaloop,shiekh] | exp=[karmaloop] | create=[] | delete=[shiekh] | preserve=[karmaloop] | nonReg=[]
IY2079 | aw=[karmaloop] | cur=[karmaloop,mltd,shiekh] | exp=[karmaloop] | create=[] | delete=[mltd,shiekh] | preserve=[karmaloop] | nonReg=[]
IY4890 | aw=[karmaloop] | cur=[karmaloop,shiekh] | exp=[karmaloop] | create=[] | delete=[shiekh] | preserve=[karmaloop] | nonReg=[]
IY9642 | aw=[karmaloop] | cur=[karmaloop,shiekh] | exp=[karmaloop] | create=[] | delete=[shiekh] | preserve=[karmaloop] | nonReg=[]
IY9664 | aw=[fbrkclothing.com] | cur=[fbrk,karmaloop,mltd,shiekh] | exp=[] | create=[] | delete=[fbrk,karmaloop,mltd,shiekh] | preserve=[] | nonReg=[fbrkclothing.com]
IZ2548 | aw=[karmaloop] | cur=[karmaloop,shiekh] | exp=[karmaloop] | create=[] | delete=[shiekh] | preserve=[karmaloop] | nonReg=[]
IZ2550 | aw=[karmaloop] | cur=[karmaloop,shiekh] | exp=[karmaloop] | create=[] | delete=[shiekh] | preserve=[karmaloop] | nonReg=[]
IZ2552 | aw=[karmaloop] | cur=[karmaloop,mltd,shiekh] | exp=[karmaloop] | create=[] | delete=[mltd,shiekh] | preserve=[karmaloop] | nonReg=[]
IZ3164 010 | aw=[] | cur=[] | exp=[] | create=[] | delete=[] | preserve=[] | nonReg=[]
JC5304 | aw=[karmaloop] | cur=[karmaloop,mltd,shiekh] | exp=[karmaloop] | create=[] | delete=[mltd,shiekh] | preserve=[karmaloop] | nonReg=[]
JC5306 | aw=[karmaloop] | cur=[karmaloop,mltd,shiekh] | exp=[karmaloop] | create=[] | delete=[mltd,shiekh] | preserve=[karmaloop] | nonReg=[]
JC7690 | aw=[karmaloop] | cur=[karmaloop,shiekh] | exp=[karmaloop] | create=[] | delete=[shiekh] | preserve=[karmaloop] | nonReg=[]
JC7952 | aw=[karmaloop] | cur=[karmaloop,mltd,shiekh] | exp=[karmaloop] | create=[] | delete=[mltd,shiekh] | preserve=[karmaloop] | nonReg=[]
JC8245 | aw=[karmaloop] | cur=[karmaloop,mltd,shiekh] | exp=[karmaloop] | create=[] | delete=[mltd,shiekh] | preserve=[karmaloop] | nonReg=[]
JC8262 | aw=[karmaloop] | cur=[karmaloop,mltd,shiekh] | exp=[karmaloop] | create=[] | delete=[mltd,shiekh] | preserve=[karmaloop] | nonReg=[]
JC9407 | aw=[karmaloop] | cur=[karmaloop,shiekh] | exp=[karmaloop] | create=[] | delete=[shiekh] | preserve=[karmaloop] | nonReg=[]
JC9927 | aw=[karmaloop] | cur=[karmaloop,mltd,shiekh] | exp=[karmaloop] | create=[] | delete=[mltd,shiekh] | preserve=[karmaloop] | nonReg=[]
JD0282 | aw=[karmaloop] | cur=[karmaloop,mltd,shiekh] | exp=[karmaloop] | create=[] | delete=[mltd,shiekh] | preserve=[karmaloop] | nonReg=[]
JD0667 | aw=[karmaloop] | cur=[karmaloop,mltd,shiekh] | exp=[karmaloop] | create=[] | delete=[mltd,shiekh] | preserve=[karmaloop] | nonReg=[]
JD0669 | aw=[karmaloop] | cur=[karmaloop,mltd,shiekh] | exp=[karmaloop] | create=[] | delete=[mltd,shiekh] | preserve=[karmaloop] | nonReg=[]
JD1753 | aw=[karmaloop] | cur=[karmaloop,mltd,shiekh] | exp=[karmaloop] | create=[] | delete=[mltd,shiekh] | preserve=[karmaloop] | nonReg=[]
JD2456 | aw=[karmaloop] | cur=[karmaloop,mltd,shiekh] | exp=[karmaloop] | create=[] | delete=[mltd,shiekh] | preserve=[karmaloop] | nonReg=[]
JD2723 | aw=[karmaloop] | cur=[karmaloop,mltd,shiekh] | exp=[karmaloop] | create=[] | delete=[mltd,shiekh] | preserve=[karmaloop] | nonReg=[]
JD3120 | aw=[karmaloop] | cur=[karmaloop,mltd,shiekh] | exp=[karmaloop] | create=[] | delete=[mltd,shiekh] | preserve=[karmaloop] | nonReg=[]
JD4604 | aw=[karmaloop] | cur=[karmaloop,shiekh] | exp=[karmaloop] | create=[] | delete=[shiekh] | preserve=[karmaloop] | nonReg=[]
JD4606 | aw=[karmaloop] | cur=[karmaloop,mltd,shiekh] | exp=[karmaloop] | create=[] | delete=[mltd,shiekh] | preserve=[karmaloop] | nonReg=[]
JD4630 | aw=[karmaloop] | cur=[karmaloop,shiekh] | exp=[karmaloop] | create=[] | delete=[shiekh] | preserve=[karmaloop] | nonReg=[]
JD4632 | aw=[karmaloop] | cur=[karmaloop,mltd,shiekh] | exp=[karmaloop] | create=[] | delete=[mltd,shiekh] | preserve=[karmaloop] | nonReg=[]
JD5398 | aw=[karmaloop] | cur=[karmaloop,mltd,shiekh] | exp=[karmaloop] | create=[] | delete=[mltd,shiekh] | preserve=[karmaloop] | nonReg=[]
JE6442 | aw=[karmaloop] | cur=[karmaloop,mltd,shiekh] | exp=[karmaloop] | create=[] | delete=[mltd,shiekh] | preserve=[karmaloop] | nonReg=[]
JE7217 | aw=[karmaloop] | cur=[karmaloop,shiekh] | exp=[karmaloop] | create=[] | delete=[shiekh] | preserve=[karmaloop] | nonReg=[]
JH5099 | aw=[karmaloop] | cur=[karmaloop,mltd,shiekh] | exp=[karmaloop] | create=[] | delete=[mltd,shiekh] | preserve=[karmaloop] | nonReg=[]
JH5180 | aw=[shiekh] | cur=[shiekh] | exp=[shiekh] | create=[] | delete=[] | preserve=[shiekh] | nonReg=[]
JH5207 | aw=[shiekh] | cur=[shiekh] | exp=[shiekh] | create=[] | delete=[] | preserve=[shiekh] | nonReg=[]
JH5439 | aw=[karmaloop] | cur=[karmaloop,shiekh] | exp=[karmaloop] | create=[] | delete=[shiekh] | preserve=[karmaloop] | nonReg=[]
JH5441 | aw=[karmaloop] | cur=[karmaloop,mltd,shiekh] | exp=[karmaloop] | create=[] | delete=[mltd,shiekh] | preserve=[karmaloop] | nonReg=[]
JH5444 | aw=[karmaloop] | cur=[karmaloop,mltd,shiekh] | exp=[karmaloop] | create=[] | delete=[mltd,shiekh] | preserve=[karmaloop] | nonReg=[]
JH5450 | aw=[karmaloop] | cur=[karmaloop,mltd,shiekh] | exp=[karmaloop] | create=[] | delete=[mltd,shiekh] | preserve=[karmaloop] | nonReg=[]
JH5634 | aw=[karmaloop] | cur=[karmaloop,mltd,shiekh] | exp=[karmaloop] | create=[] | delete=[mltd,shiekh] | preserve=[karmaloop] | nonReg=[]
JH5688 | aw=[karmaloop] | cur=[karmaloop,mltd,shiekh] | exp=[karmaloop] | create=[] | delete=[mltd,shiekh] | preserve=[karmaloop] | nonReg=[]
JH6206 | aw=[karmaloop] | cur=[karmaloop,shiekh] | exp=[karmaloop] | create=[] | delete=[shiekh] | preserve=[karmaloop] | nonReg=[]
JH6515 | aw=[shiekh] | cur=[shiekh] | exp=[shiekh] | create=[] | delete=[] | preserve=[shiekh] | nonReg=[]
JH6516 | aw=[shiekh] | cur=[shiekh] | exp=[shiekh] | create=[] | delete=[] | preserve=[shiekh] | nonReg=[]
JH6517 | aw=[shiekh] | cur=[shiekh] | exp=[shiekh] | create=[] | delete=[] | preserve=[shiekh] | nonReg=[]
JH6766 | aw=[karmaloop] | cur=[karmaloop,shiekh] | exp=[karmaloop] | create=[] | delete=[shiekh] | preserve=[karmaloop] | nonReg=[]
JH7598 | aw=[shiekh] | cur=[shiekh] | exp=[shiekh] | create=[] | delete=[] | preserve=[shiekh] | nonReg=[]
JH7840 | aw=[shiekh] | cur=[shiekh] | exp=[shiekh] | create=[] | delete=[] | preserve=[shiekh] | nonReg=[]
JH7897 | aw=[karmaloop] | cur=[karmaloop,shiekh] | exp=[karmaloop] | create=[] | delete=[shiekh] | preserve=[karmaloop] | nonReg=[]
JH7901 | aw=[karmaloop] | cur=[karmaloop,shiekh] | exp=[karmaloop] | create=[] | delete=[shiekh] | preserve=[karmaloop] | nonReg=[]
JH8059 | aw=[karmaloop] | cur=[karmaloop,mltd,shiekh] | exp=[karmaloop] | create=[] | delete=[mltd,shiekh] | preserve=[karmaloop] | nonReg=[]
JH8116 | aw=[shiekh] | cur=[shiekh] | exp=[shiekh] | create=[] | delete=[] | preserve=[shiekh] | nonReg=[]
JH8628 | aw=[karmaloop] | cur=[karmaloop,shiekh] | exp=[karmaloop] | create=[] | delete=[shiekh] | preserve=[karmaloop] | nonReg=[]
JH8663 | aw=[shiekh] | cur=[shiekh] | exp=[shiekh] | create=[] | delete=[] | preserve=[shiekh] | nonReg=[]
JH8789 | aw=[karmaloop] | cur=[karmaloop,mltd,shiekh] | exp=[karmaloop] | create=[] | delete=[mltd,shiekh] | preserve=[karmaloop] | nonReg=[]
JH8797 | aw=[karmaloop] | cur=[karmaloop,mltd,shiekh] | exp=[karmaloop] | create=[] | delete=[mltd,shiekh] | preserve=[karmaloop] | nonReg=[]
JH8798 | aw=[karmaloop] | cur=[karmaloop,mltd,shiekh] | exp=[karmaloop] | create=[] | delete=[mltd,shiekh] | preserve=[karmaloop] | nonReg=[]
JH9475 | aw=[karmaloop] | cur=[karmaloop,mltd,shiekh] | exp=[karmaloop] | create=[] | delete=[mltd,shiekh] | preserve=[karmaloop] | nonReg=[]
JH9767 | aw=[karmaloop] | cur=[karmaloop,mltd,shiekh] | exp=[karmaloop] | create=[] | delete=[mltd,shiekh] | preserve=[karmaloop] | nonReg=[]
JH9976 | aw=[karmaloop] | cur=[karmaloop,shiekh] | exp=[karmaloop] | create=[] | delete=[shiekh] | preserve=[karmaloop] | nonReg=[]
JH9977 | aw=[shiekh] | cur=[shiekh] | exp=[shiekh] | create=[] | delete=[] | preserve=[shiekh] | nonReg=[]
JH9979 | aw=[karmaloop] | cur=[karmaloop,shiekh] | exp=[karmaloop] | create=[] | delete=[shiekh] | preserve=[karmaloop] | nonReg=[]
JH9980 | aw=[shiekh] | cur=[shiekh] | exp=[shiekh] | create=[] | delete=[] | preserve=[shiekh] | nonReg=[]
JI0074 | aw=[shiekh] | cur=[shiekh] | exp=[shiekh] | create=[] | delete=[] | preserve=[shiekh] | nonReg=[]
JI0080 | aw=[karmaloop] | cur=[karmaloop,mltd,shiekh] | exp=[karmaloop] | create=[] | delete=[mltd,shiekh] | preserve=[karmaloop] | nonReg=[]
JI0091 | aw=[shiekh] | cur=[shiekh] | exp=[shiekh] | create=[] | delete=[] | preserve=[shiekh] | nonReg=[]
JI0452 | aw=[shiekh] | cur=[shiekh] | exp=[shiekh] | create=[] | delete=[] | preserve=[shiekh] | nonReg=[]
JI0509 | aw=[shiekh] | cur=[shiekh] | exp=[shiekh] | create=[] | delete=[] | preserve=[shiekh] | nonReg=[]
JI0511 | aw=[shiekh] | cur=[shiekh] | exp=[shiekh] | create=[] | delete=[] | preserve=[shiekh] | nonReg=[]
JI0865 | aw=[karmaloop] | cur=[karmaloop,shiekh] | exp=[karmaloop] | create=[] | delete=[shiekh] | preserve=[karmaloop] | nonReg=[]
JI1282 | aw=[karmaloop] | cur=[karmaloop,shiekh] | exp=[karmaloop] | create=[] | delete=[shiekh] | preserve=[karmaloop] | nonReg=[]
JI2077 | aw=[karmaloop] | cur=[karmaloop,shiekh] | exp=[karmaloop] | create=[] | delete=[shiekh] | preserve=[karmaloop] | nonReg=[]
JI2902 | aw=[shiekh] | cur=[shiekh] | exp=[shiekh] | create=[] | delete=[] | preserve=[shiekh] | nonReg=[]
JI3201 | aw=[karmaloop] | cur=[karmaloop,mltd,shiekh] | exp=[karmaloop] | create=[] | delete=[mltd,shiekh] | preserve=[karmaloop] | nonReg=[]
JI3202 | aw=[karmaloop] | cur=[karmaloop,mltd,shiekh] | exp=[karmaloop] | create=[] | delete=[mltd,shiekh] | preserve=[karmaloop] | nonReg=[]
JI3204 | aw=[karmaloop] | cur=[karmaloop,mltd,shiekh] | exp=[karmaloop] | create=[] | delete=[mltd,shiekh] | preserve=[karmaloop] | nonReg=[]
JI3205 | aw=[karmaloop] | cur=[karmaloop,mltd,shiekh] | exp=[karmaloop] | create=[] | delete=[mltd,shiekh] | preserve=[karmaloop] | nonReg=[]
JI3211 | aw=[karmaloop] | cur=[karmaloop,mltd,shiekh] | exp=[karmaloop] | create=[] | delete=[mltd,shiekh] | preserve=[karmaloop] | nonReg=[]
JI3215 | aw=[karmaloop] | cur=[karmaloop,mltd,shiekh] | exp=[karmaloop] | create=[] | delete=[mltd,shiekh] | preserve=[karmaloop] | nonReg=[]
JI3299 | aw=[karmaloop] | cur=[karmaloop,mltd,shiekh] | exp=[karmaloop] | create=[] | delete=[mltd,shiekh] | preserve=[karmaloop] | nonReg=[]
JI3535 | aw=[karmaloop] | cur=[karmaloop,shiekh] | exp=[karmaloop] | create=[] | delete=[shiekh] | preserve=[karmaloop] | nonReg=[]
JI3555 | aw=[shiekh] | cur=[shiekh] | exp=[shiekh] | create=[] | delete=[] | preserve=[shiekh] | nonReg=[]
JI3990 | aw=[shiekh] | cur=[shiekh] | exp=[shiekh] | create=[] | delete=[] | preserve=[shiekh] | nonReg=[]
JI4331 | aw=[shiekh] | cur=[shiekh] | exp=[shiekh] | create=[] | delete=[] | preserve=[shiekh] | nonReg=[]
JI4461 | aw=[shiekh] | cur=[shiekh] | exp=[shiekh] | create=[] | delete=[] | preserve=[shiekh] | nonReg=[]
JI5873 | aw=[karmaloop] | cur=[karmaloop,mltd,shiekh] | exp=[karmaloop] | create=[] | delete=[mltd,shiekh] | preserve=[karmaloop] | nonReg=[]
JI6817 | aw=[karmaloop] | cur=[karmaloop,mltd,shiekh] | exp=[karmaloop] | create=[] | delete=[mltd,shiekh] | preserve=[karmaloop] | nonReg=[]
JJ7415 | aw=[karmaloop] | cur=[karmaloop,mltd,shiekh] | exp=[karmaloop] | create=[] | delete=[mltd,shiekh] | preserve=[karmaloop] | nonReg=[]
JJ7445 | aw=[karmaloop] | cur=[karmaloop,mltd,shiekh] | exp=[karmaloop] | create=[] | delete=[mltd,shiekh] | preserve=[karmaloop] | nonReg=[]
JJ7602 | aw=[karmaloop] | cur=[karmaloop,mltd,shiekh] | exp=[karmaloop] | create=[] | delete=[mltd,shiekh] | preserve=[karmaloop] | nonReg=[]
JJ7604 | aw=[karmaloop] | cur=[karmaloop,mltd,shiekh] | exp=[karmaloop] | create=[] | delete=[mltd,shiekh] | preserve=[karmaloop] | nonReg=[]
JJ7682 | aw=[karmaloop] | cur=[karmaloop,mltd,shiekh] | exp=[karmaloop] | create=[] | delete=[mltd,shiekh] | preserve=[karmaloop] | nonReg=[]
JK5209 | aw=[karmaloop] | cur=[karmaloop,mltd,shiekh] | exp=[karmaloop] | create=[] | delete=[mltd,shiekh] | preserve=[karmaloop] | nonReg=[]
JK5210 | aw=[karmaloop] | cur=[karmaloop,mltd,shiekh] | exp=[karmaloop] | create=[] | delete=[mltd,shiekh] | preserve=[karmaloop] | nonReg=[]
JK5428 | aw=[karmaloop] | cur=[karmaloop,mltd,shiekh] | exp=[karmaloop] | create=[] | delete=[mltd,shiekh] | preserve=[karmaloop] | nonReg=[]
JK5430 | aw=[karmaloop] | cur=[karmaloop,shiekh] | exp=[karmaloop] | create=[] | delete=[shiekh] | preserve=[karmaloop] | nonReg=[]
JK5462 | aw=[karmaloop] | cur=[karmaloop,mltd,shiekh] | exp=[karmaloop] | create=[] | delete=[mltd,shiekh] | preserve=[karmaloop] | nonReg=[]
JL8537 | aw=[karmaloop] | cur=[karmaloop,mltd,shiekh] | exp=[karmaloop] | create=[] | delete=[mltd,shiekh] | preserve=[karmaloop] | nonReg=[]
JM0347 | aw=[karmaloop] | cur=[karmaloop,mltd,shiekh] | exp=[karmaloop] | create=[] | delete=[mltd,shiekh] | preserve=[karmaloop] | nonReg=[]
JM1092 | aw=[karmaloop] | cur=[karmaloop,mltd,shiekh] | exp=[karmaloop] | create=[] | delete=[mltd,shiekh] | preserve=[karmaloop] | nonReg=[]
JM3551 | aw=[karmaloop] | cur=[karmaloop,mltd,shiekh] | exp=[karmaloop] | create=[] | delete=[mltd,shiekh] | preserve=[karmaloop] | nonReg=[]
JM8396 | aw=[karmaloop] | cur=[karmaloop,mltd,shiekh] | exp=[karmaloop] | create=[] | delete=[mltd,shiekh] | preserve=[karmaloop] | nonReg=[]
JP1274 | aw=[karmaloop] | cur=[karmaloop,mltd,shiekh] | exp=[karmaloop] | create=[] | delete=[mltd,shiekh] | preserve=[karmaloop] | nonReg=[]
JP23509SK-HUNT | aw=[] | cur=[] | exp=[] | create=[] | delete=[] | preserve=[] | nonReg=[]
JP2529 | aw=[karmaloop] | cur=[karmaloop,shiekh] | exp=[karmaloop] | create=[] | delete=[shiekh] | preserve=[karmaloop] | nonReg=[]
JP26S425SK-KORI | aw=[] | cur=[] | exp=[] | create=[] | delete=[] | preserve=[] | nonReg=[]
JP26S426SK-DAIS | aw=[] | cur=[] | exp=[] | create=[] | delete=[] | preserve=[] | nonReg=[]
JP5482 | aw=[shiekh] | cur=[shiekh] | exp=[shiekh] | create=[] | delete=[] | preserve=[shiekh] | nonReg=[]
JP5492 | aw=[shiekh] | cur=[shiekh] | exp=[shiekh] | create=[] | delete=[] | preserve=[shiekh] | nonReg=[]
JP5508 | aw=[shiekh] | cur=[shiekh] | exp=[shiekh] | create=[] | delete=[] | preserve=[shiekh] | nonReg=[]
JP5528 | aw=[shiekh] | cur=[shiekh] | exp=[shiekh] | create=[] | delete=[] | preserve=[shiekh] | nonReg=[]
JP5568 | aw=[shiekh] | cur=[shiekh] | exp=[shiekh] | create=[] | delete=[] | preserve=[shiekh] | nonReg=[]
JP5569 | aw=[karmaloop] | cur=[karmaloop,shiekh] | exp=[karmaloop] | create=[] | delete=[shiekh] | preserve=[karmaloop] | nonReg=[]
JP5719 | aw=[karmaloop] | cur=[karmaloop,mltd,shiekh] | exp=[karmaloop] | create=[] | delete=[mltd,shiekh] | preserve=[karmaloop] | nonReg=[]
JP6903 | aw=[karmaloop] | cur=[karmaloop,mltd,shiekh] | exp=[karmaloop] | create=[] | delete=[mltd,shiekh] | preserve=[karmaloop] | nonReg=[]
JP7844 | aw=[karmaloop] | cur=[karmaloop,mltd,shiekh] | exp=[karmaloop] | create=[] | delete=[mltd,shiekh] | preserve=[karmaloop] | nonReg=[]
JP7989 | aw=[shiekh] | cur=[shiekh] | exp=[shiekh] | create=[] | delete=[] | preserve=[shiekh] | nonReg=[]
JP7990 | aw=[shiekh] | cur=[shiekh] | exp=[shiekh] | create=[] | delete=[] | preserve=[shiekh] | nonReg=[]
JP7999 | aw=[shiekh] | cur=[shiekh] | exp=[shiekh] | create=[] | delete=[] | preserve=[shiekh] | nonReg=[]
JP8080 | aw=[shiekh] | cur=[shiekh] | exp=[shiekh] | create=[] | delete=[] | preserve=[shiekh] | nonReg=[]
JP8363 | aw=[karmaloop] | cur=[karmaloop,mltd,shiekh] | exp=[karmaloop] | create=[] | delete=[mltd,shiekh] | preserve=[karmaloop] | nonReg=[]
JP9470 | aw=[shiekh] | cur=[shiekh] | exp=[shiekh] | create=[] | delete=[] | preserve=[shiekh] | nonReg=[]
JP9499 | aw=[shiekh] | cur=[shiekh] | exp=[shiekh] | create=[] | delete=[] | preserve=[shiekh] | nonReg=[]
JP9500 | aw=[shiekh] | cur=[shiekh] | exp=[shiekh] | create=[] | delete=[] | preserve=[shiekh] | nonReg=[]
JP9510 | aw=[shiekh] | cur=[shiekh] | exp=[shiekh] | create=[] | delete=[] | preserve=[shiekh] | nonReg=[]
JP9511 | aw=[shiekh] | cur=[shiekh] | exp=[shiekh] | create=[] | delete=[] | preserve=[shiekh] | nonReg=[]
JP9541 | aw=[shiekh] | cur=[shiekh] | exp=[shiekh] | create=[] | delete=[] | preserve=[shiekh] | nonReg=[]
JP9544 | aw=[shiekh] | cur=[shiekh] | exp=[shiekh] | create=[] | delete=[] | preserve=[shiekh] | nonReg=[]
JP9580 | aw=[shiekh] | cur=[mltd,shiekh] | exp=[shiekh] | create=[] | delete=[mltd] | preserve=[shiekh] | nonReg=[]
JQ0174 | aw=[karmaloop] | cur=[karmaloop,mltd,shiekh] | exp=[karmaloop] | create=[] | delete=[mltd,shiekh] | preserve=[karmaloop] | nonReg=[]
JQ0175 | aw=[karmaloop] | cur=[karmaloop,mltd,shiekh] | exp=[karmaloop] | create=[] | delete=[mltd,shiekh] | preserve=[karmaloop] | nonReg=[]
JQ0266 | aw=[karmaloop] | cur=[karmaloop,mltd,shiekh] | exp=[karmaloop] | create=[] | delete=[mltd,shiekh] | preserve=[karmaloop] | nonReg=[]
JQ0585 | aw=[karmaloop] | cur=[karmaloop,mltd,shiekh] | exp=[karmaloop] | create=[] | delete=[mltd,shiekh] | preserve=[karmaloop] | nonReg=[]
JQ0755 | aw=[karmaloop] | cur=[karmaloop,mltd,shiekh] | exp=[karmaloop] | create=[] | delete=[mltd,shiekh] | preserve=[karmaloop] | nonReg=[]
JQ0982 | aw=[karmaloop] | cur=[karmaloop,mltd,shiekh] | exp=[karmaloop] | create=[] | delete=[mltd,shiekh] | preserve=[karmaloop] | nonReg=[]
JQ1256 | aw=[karmaloop] | cur=[karmaloop,shiekh] | exp=[karmaloop] | create=[] | delete=[shiekh] | preserve=[karmaloop] | nonReg=[]
JQ1326 | aw=[shiekh] | cur=[shiekh] | exp=[shiekh] | create=[] | delete=[] | preserve=[shiekh] | nonReg=[]
JQ1336 | aw=[shiekh] | cur=[shiekh] | exp=[shiekh] | create=[] | delete=[] | preserve=[shiekh] | nonReg=[]
JQ1344 | aw=[shiekh] | cur=[shiekh] | exp=[shiekh] | create=[] | delete=[] | preserve=[shiekh] | nonReg=[]
JQ2003 | aw=[shiekh] | cur=[shiekh] | exp=[shiekh] | create=[] | delete=[] | preserve=[shiekh] | nonReg=[]
JQ2004 | aw=[shiekh] | cur=[shiekh] | exp=[shiekh] | create=[] | delete=[] | preserve=[shiekh] | nonReg=[]
JQ2006 | aw=[shiekh] | cur=[shiekh] | exp=[shiekh] | create=[] | delete=[] | preserve=[shiekh] | nonReg=[]
JQ2008 | aw=[shiekh] | cur=[shiekh] | exp=[shiekh] | create=[] | delete=[] | preserve=[shiekh] | nonReg=[]
JQ2011 | aw=[shiekh] | cur=[shiekh] | exp=[shiekh] | create=[] | delete=[] | preserve=[shiekh] | nonReg=[]
JQ2018 | aw=[shiekh] | cur=[shiekh] | exp=[shiekh] | create=[] | delete=[] | preserve=[shiekh] | nonReg=[]
JQ2024 | aw=[shiekh] | cur=[shiekh] | exp=[shiekh] | create=[] | delete=[] | preserve=[shiekh] | nonReg=[]
JQ2052 | aw=[shiekh] | cur=[shiekh] | exp=[shiekh] | create=[] | delete=[] | preserve=[shiekh] | nonReg=[]
JQ2827 | aw=[shiekh] | cur=[shiekh] | exp=[shiekh] | create=[] | delete=[] | preserve=[shiekh] | nonReg=[]
JQ2831 | aw=[shiekh] | cur=[shiekh] | exp=[shiekh] | create=[] | delete=[] | preserve=[shiekh] | nonReg=[]
JQ3188 | aw=[shiekh] | cur=[shiekh] | exp=[shiekh] | create=[] | delete=[] | preserve=[shiekh] | nonReg=[]
JQ4168 | aw=[karmaloop] | cur=[karmaloop,shiekh] | exp=[karmaloop] | create=[] | delete=[shiekh] | preserve=[karmaloop] | nonReg=[]
JQ4730 | aw=[karmaloop] | cur=[karmaloop,mltd,shiekh] | exp=[karmaloop] | create=[] | delete=[mltd,shiekh] | preserve=[karmaloop] | nonReg=[]
JQ6778 | aw=[karmaloop] | cur=[karmaloop,shiekh] | exp=[karmaloop] | create=[] | delete=[shiekh] | preserve=[karmaloop] | nonReg=[]
JQ8349 | aw=[karmaloop] | cur=[karmaloop,mltd,shiekh] | exp=[karmaloop] | create=[] | delete=[mltd,shiekh] | preserve=[karmaloop] | nonReg=[]
JQ8354 | aw=[karmaloop] | cur=[karmaloop,mltd,shiekh] | exp=[karmaloop] | create=[] | delete=[mltd,shiekh] | preserve=[karmaloop] | nonReg=[]
JQ8355 | aw=[karmaloop] | cur=[karmaloop,mltd,shiekh] | exp=[karmaloop] | create=[] | delete=[mltd,shiekh] | preserve=[karmaloop] | nonReg=[]
JQ8356 | aw=[karmaloop] | cur=[karmaloop,mltd,shiekh] | exp=[karmaloop] | create=[] | delete=[mltd,shiekh] | preserve=[karmaloop] | nonReg=[]
JQ8555 | aw=[shiekh] | cur=[shiekh] | exp=[shiekh] | create=[] | delete=[] | preserve=[shiekh] | nonReg=[]
JQ8739 | aw=[karmaloop] | cur=[karmaloop,shiekh] | exp=[karmaloop] | create=[] | delete=[shiekh] | preserve=[karmaloop] | nonReg=[]
JQ8748 | aw=[shiekh] | cur=[shiekh] | exp=[shiekh] | create=[] | delete=[] | preserve=[shiekh] | nonReg=[]
JQ9055 | aw=[karmaloop] | cur=[karmaloop,mltd,shiekh] | exp=[karmaloop] | create=[] | delete=[mltd,shiekh] | preserve=[karmaloop] | nonReg=[]
JQ9489 | aw=[shiekh] | cur=[shiekh] | exp=[shiekh] | create=[] | delete=[] | preserve=[shiekh] | nonReg=[]
JQ9497 | aw=[karmaloop] | cur=[karmaloop,shiekh] | exp=[karmaloop] | create=[] | delete=[shiekh] | preserve=[karmaloop] | nonReg=[]
JQ9505 | aw=[shiekh] | cur=[shiekh] | exp=[shiekh] | create=[] | delete=[] | preserve=[shiekh] | nonReg=[]
JR0428 | aw=[] | cur=[] | exp=[] | create=[] | delete=[] | preserve=[] | nonReg=[]
JR1343 | aw=[shiekh] | cur=[shiekh] | exp=[shiekh] | create=[] | delete=[] | preserve=[shiekh] | nonReg=[]
JR1520 | aw=[karmaloop] | cur=[karmaloop,shiekh] | exp=[karmaloop] | create=[] | delete=[shiekh] | preserve=[karmaloop] | nonReg=[]
JR1634 | aw=[shiekh] | cur=[shiekh] | exp=[shiekh] | create=[] | delete=[] | preserve=[shiekh] | nonReg=[]
JR1979 | aw=[karmaloop] | cur=[karmaloop,mltd,shiekh] | exp=[karmaloop] | create=[] | delete=[mltd,shiekh] | preserve=[karmaloop] | nonReg=[]
JR2024 | aw=[karmaloop] | cur=[karmaloop,mltd,shiekh] | exp=[karmaloop] | create=[] | delete=[mltd,shiekh] | preserve=[karmaloop] | nonReg=[]
JR2122 | aw=[karmaloop] | cur=[karmaloop,mltd,shiekh] | exp=[karmaloop] | create=[] | delete=[mltd,shiekh] | preserve=[karmaloop] | nonReg=[]
JR2624 | aw=[shiekh] | cur=[shiekh] | exp=[shiekh] | create=[] | delete=[] | preserve=[shiekh] | nonReg=[]
JR3419 | aw=[karmaloop] | cur=[karmaloop,mltd,shiekh] | exp=[karmaloop] | create=[] | delete=[mltd,shiekh] | preserve=[karmaloop] | nonReg=[]
JR3831 | aw=[shiekh] | cur=[shiekh] | exp=[shiekh] | create=[] | delete=[] | preserve=[shiekh] | nonReg=[]
JR3915 | aw=[karmaloop] | cur=[karmaloop,shiekh] | exp=[karmaloop] | create=[] | delete=[shiekh] | preserve=[karmaloop] | nonReg=[]
JR4178 | aw=[karmaloop] | cur=[karmaloop,mltd,shiekh] | exp=[karmaloop] | create=[] | delete=[mltd,shiekh] | preserve=[karmaloop] | nonReg=[]
JR5165 | aw=[shiekh] | cur=[shiekh] | exp=[shiekh] | create=[] | delete=[] | preserve=[shiekh] | nonReg=[]
JR7436 | aw=[shiekh] | cur=[shiekh] | exp=[shiekh] | create=[] | delete=[] | preserve=[shiekh] | nonReg=[]
JR7437 | aw=[shiekh] | cur=[shiekh] | exp=[shiekh] | create=[] | delete=[] | preserve=[shiekh] | nonReg=[]
JR8173 | aw=[shiekh] | cur=[mltd,shiekh] | exp=[shiekh] | create=[] | delete=[mltd] | preserve=[shiekh] | nonReg=[]
JR8848 | aw=[karmaloop] | cur=[karmaloop,mltd,shiekh] | exp=[karmaloop] | create=[] | delete=[mltd,shiekh] | preserve=[karmaloop] | nonReg=[]
JS0041 | aw=[karmaloop] | cur=[karmaloop,mltd,shiekh] | exp=[karmaloop] | create=[] | delete=[mltd,shiekh] | preserve=[karmaloop] | nonReg=[]
JS0250 | aw=[karmaloop] | cur=[karmaloop,mltd,shiekh] | exp=[karmaloop] | create=[] | delete=[mltd,shiekh] | preserve=[karmaloop] | nonReg=[]
JS1339 | aw=[karmaloop] | cur=[karmaloop,mltd,shiekh] | exp=[karmaloop] | create=[] | delete=[mltd,shiekh] | preserve=[karmaloop] | nonReg=[]
JS1769 | aw=[shiekh] | cur=[shiekh] | exp=[shiekh] | create=[] | delete=[] | preserve=[shiekh] | nonReg=[]
JS24109SK-CBLUE | aw=[] | cur=[] | exp=[] | create=[] | delete=[] | preserve=[] | nonReg=[]
JS26S453SK-BLK | aw=[] | cur=[] | exp=[] | create=[] | delete=[] | preserve=[] | nonReg=[]
JS3514 | aw=[karmaloop] | cur=[karmaloop,shiekh] | exp=[karmaloop] | create=[] | delete=[shiekh] | preserve=[karmaloop] | nonReg=[]
JS3515 | aw=[shiekh] | cur=[shiekh] | exp=[shiekh] | create=[] | delete=[] | preserve=[shiekh] | nonReg=[]
JS3805 | aw=[shiekh] | cur=[shiekh] | exp=[shiekh] | create=[] | delete=[] | preserve=[shiekh] | nonReg=[]
JS4020 | aw=[karmaloop] | cur=[karmaloop,mltd,shiekh] | exp=[karmaloop] | create=[] | delete=[mltd,shiekh] | preserve=[karmaloop] | nonReg=[]
JS4967 | aw=[karmaloop] | cur=[karmaloop,mltd,shiekh] | exp=[karmaloop] | create=[] | delete=[mltd,shiekh] | preserve=[karmaloop] | nonReg=[]
JS4974 | aw=[karmaloop] | cur=[karmaloop,mltd,shiekh] | exp=[karmaloop] | create=[] | delete=[mltd,shiekh] | preserve=[karmaloop] | nonReg=[]
JS4975 | aw=[karmaloop] | cur=[karmaloop,mltd,shiekh] | exp=[karmaloop] | create=[] | delete=[mltd,shiekh] | preserve=[karmaloop] | nonReg=[]
JV5355 | aw=[karmaloop] | cur=[karmaloop,mltd,shiekh] | exp=[karmaloop] | create=[] | delete=[mltd,shiekh] | preserve=[karmaloop] | nonReg=[]
JV5429 | aw=[karmaloop] | cur=[karmaloop,mltd,shiekh] | exp=[karmaloop] | create=[] | delete=[mltd,shiekh] | preserve=[karmaloop] | nonReg=[]
JV7569 | aw=[karmaloop] | cur=[karmaloop,mltd,shiekh] | exp=[karmaloop] | create=[] | delete=[mltd,shiekh] | preserve=[karmaloop] | nonReg=[]
JV7570 | aw=[karmaloop] | cur=[karmaloop,shiekh] | exp=[karmaloop] | create=[] | delete=[shiekh] | preserve=[karmaloop] | nonReg=[]
JW0150 | aw=[karmaloop] | cur=[karmaloop,mltd,shiekh] | exp=[karmaloop] | create=[] | delete=[mltd,shiekh] | preserve=[karmaloop] | nonReg=[]
JW0272 | aw=[karmaloop] | cur=[karmaloop,mltd,shiekh] | exp=[karmaloop] | create=[] | delete=[mltd,shiekh] | preserve=[karmaloop] | nonReg=[]
JW0353 | aw=[karmaloop] | cur=[karmaloop,mltd,shiekh] | exp=[karmaloop] | create=[] | delete=[mltd,shiekh] | preserve=[karmaloop] | nonReg=[]
JW0354 | aw=[karmaloop] | cur=[karmaloop,mltd,shiekh] | exp=[karmaloop] | create=[] | delete=[mltd,shiekh] | preserve=[karmaloop] | nonReg=[]
JW1085 | aw=[karmaloop] | cur=[karmaloop,mltd,shiekh] | exp=[karmaloop] | create=[] | delete=[mltd,shiekh] | preserve=[karmaloop] | nonReg=[]
JW1226 | aw=[karmaloop] | cur=[karmaloop,mltd,shiekh] | exp=[karmaloop] | create=[] | delete=[mltd,shiekh] | preserve=[karmaloop] | nonReg=[]
JW2584 | aw=[karmaloop] | cur=[karmaloop,mltd,shiekh] | exp=[karmaloop] | create=[] | delete=[mltd,shiekh] | preserve=[karmaloop] | nonReg=[]
JW2773 | aw=[karmaloop] | cur=[karmaloop,mltd,shiekh] | exp=[karmaloop] | create=[] | delete=[mltd,shiekh] | preserve=[karmaloop] | nonReg=[]
JW5143 | aw=[shiekh.com] | cur=[karmaloop,mltd,shiekh] | exp=[shiekh] | create=[] | delete=[karmaloop,mltd] | preserve=[shiekh] | nonReg=[]
JW5157 | aw=[karmaloop] | cur=[karmaloop,mltd,shiekh] | exp=[karmaloop] | create=[] | delete=[mltd,shiekh] | preserve=[karmaloop] | nonReg=[]
JW5385 | aw=[karmaloop] | cur=[karmaloop,mltd,shiekh] | exp=[karmaloop] | create=[] | delete=[mltd,shiekh] | preserve=[karmaloop] | nonReg=[]
JW6641 | aw=[karmaloop] | cur=[karmaloop,mltd,shiekh] | exp=[karmaloop] | create=[] | delete=[mltd,shiekh] | preserve=[karmaloop] | nonReg=[]
JW7273 | aw=[karmaloop] | cur=[karmaloop,mltd,shiekh] | exp=[karmaloop] | create=[] | delete=[mltd,shiekh] | preserve=[karmaloop] | nonReg=[]
JW7306 | aw=[karmaloop] | cur=[karmaloop,mltd,shiekh] | exp=[karmaloop] | create=[] | delete=[mltd,shiekh] | preserve=[karmaloop] | nonReg=[]
JW7310 | aw=[karmaloop] | cur=[karmaloop,mltd,shiekh] | exp=[karmaloop] | create=[] | delete=[mltd,shiekh] | preserve=[karmaloop] | nonReg=[]
JX1419 | aw=[karmaloop] | cur=[karmaloop,mltd,shiekh] | exp=[karmaloop] | create=[] | delete=[mltd,shiekh] | preserve=[karmaloop] | nonReg=[]
JX2697 | aw=[karmaloop] | cur=[karmaloop,mltd,shiekh] | exp=[karmaloop] | create=[] | delete=[mltd,shiekh] | preserve=[karmaloop] | nonReg=[]
JX3068 | aw=[karmaloop] | cur=[karmaloop,mltd,shiekh] | exp=[karmaloop] | create=[] | delete=[mltd,shiekh] | preserve=[karmaloop] | nonReg=[]
JX3904 | aw=[karmaloop] | cur=[karmaloop,mltd,shiekh] | exp=[karmaloop] | create=[] | delete=[mltd,shiekh] | preserve=[karmaloop] | nonReg=[]
JX4102 | aw=[karmaloop] | cur=[karmaloop,mltd,shiekh] | exp=[karmaloop] | create=[] | delete=[mltd,shiekh] | preserve=[karmaloop] | nonReg=[]
JX6449 | aw=[karmaloop] | cur=[karmaloop,mltd,shiekh] | exp=[karmaloop] | create=[] | delete=[mltd,shiekh] | preserve=[karmaloop] | nonReg=[]
JX7730 | aw=[karmaloop] | cur=[karmaloop,mltd,shiekh] | exp=[karmaloop] | create=[] | delete=[mltd,shiekh] | preserve=[karmaloop] | nonReg=[]
JY1390 | aw=[karmaloop] | cur=[karmaloop,mltd,shiekh] | exp=[karmaloop] | create=[] | delete=[mltd,shiekh] | preserve=[karmaloop] | nonReg=[]
JY1392 | aw=[karmaloop] | cur=[karmaloop,mltd,shiekh] | exp=[karmaloop] | create=[] | delete=[mltd,shiekh] | preserve=[karmaloop] | nonReg=[]
JY3003 | aw=[karmaloop] | cur=[karmaloop,mltd,shiekh] | exp=[karmaloop] | create=[] | delete=[mltd,shiekh] | preserve=[karmaloop] | nonReg=[]
JY3034 | aw=[karmaloop] | cur=[karmaloop,mltd,shiekh] | exp=[karmaloop] | create=[] | delete=[mltd,shiekh] | preserve=[karmaloop] | nonReg=[]
JZ6466 | aw=[karmaloop] | cur=[karmaloop,mltd,shiekh] | exp=[karmaloop] | create=[] | delete=[mltd,shiekh] | preserve=[karmaloop] | nonReg=[]
JZ6469 | aw=[karmaloop] | cur=[karmaloop,mltd,shiekh] | exp=[karmaloop] | create=[] | delete=[mltd,shiekh] | preserve=[karmaloop] | nonReg=[]
JZ6483 | aw=[karmaloop] | cur=[karmaloop,mltd,shiekh] | exp=[karmaloop] | create=[] | delete=[mltd,shiekh] | preserve=[karmaloop] | nonReg=[]
K133801-BLK | aw=[] | cur=[] | exp=[] | create=[] | delete=[] | preserve=[] | nonReg=[]
KA0055 | aw=[karmaloop] | cur=[karmaloop,mltd,shiekh] | exp=[karmaloop] | create=[] | delete=[mltd,shiekh] | preserve=[karmaloop] | nonReg=[]
KA2674 | aw=[karmaloop] | cur=[karmaloop,mltd,shiekh] | exp=[karmaloop] | create=[] | delete=[mltd,shiekh] | preserve=[karmaloop] | nonReg=[]
KA2687 | aw=[karmaloop] | cur=[karmaloop,mltd,shiekh] | exp=[karmaloop] | create=[] | delete=[mltd,shiekh] | preserve=[karmaloop] | nonReg=[]
KA2779 | aw=[karmaloop] | cur=[karmaloop,mltd,shiekh] | exp=[karmaloop] | create=[] | delete=[mltd,shiekh] | preserve=[karmaloop] | nonReg=[]
KA4553 | aw=[karmaloop] | cur=[karmaloop,mltd,shiekh] | exp=[karmaloop] | create=[] | delete=[mltd,shiekh] | preserve=[karmaloop] | nonReg=[]
KA4554 | aw=[karmaloop] | cur=[karmaloop,mltd,shiekh] | exp=[karmaloop] | create=[] | delete=[mltd,shiekh] | preserve=[karmaloop] | nonReg=[]
KA4575 | aw=[karmaloop] | cur=[karmaloop,mltd,shiekh] | exp=[karmaloop] | create=[] | delete=[mltd,shiekh] | preserve=[karmaloop] | nonReg=[]
KA8117 | aw=[karmaloop] | cur=[karmaloop,mltd,shiekh] | exp=[karmaloop] | create=[] | delete=[mltd,shiekh] | preserve=[karmaloop] | nonReg=[]
KA9845 | aw=[karmaloop] | cur=[karmaloop,mltd,shiekh] | exp=[karmaloop] | create=[] | delete=[mltd,shiekh] | preserve=[karmaloop] | nonReg=[]
KA9846 | aw=[karmaloop] | cur=[karmaloop,mltd,shiekh] | exp=[karmaloop] | create=[] | delete=[mltd,shiekh] | preserve=[karmaloop] | nonReg=[]
KC0747 | aw=[karmaloop] | cur=[karmaloop,mltd,shiekh] | exp=[karmaloop] | create=[] | delete=[mltd,shiekh] | preserve=[karmaloop] | nonReg=[]
KC7860 | aw=[karmaloop] | cur=[karmaloop,mltd,shiekh] | exp=[karmaloop] | create=[] | delete=[mltd,shiekh] | preserve=[karmaloop] | nonReg=[]
KC7863 | aw=[karmaloop] | cur=[karmaloop,mltd,shiekh] | exp=[karmaloop] | create=[] | delete=[mltd,shiekh] | preserve=[karmaloop] | nonReg=[]
KC7864 | aw=[karmaloop] | cur=[karmaloop,mltd,shiekh] | exp=[karmaloop] | create=[] | delete=[mltd,shiekh] | preserve=[karmaloop] | nonReg=[]
KC8785 | aw=[karmaloop] | cur=[karmaloop,mltd,shiekh] | exp=[karmaloop] | create=[] | delete=[mltd,shiekh] | preserve=[karmaloop] | nonReg=[]
KC9122 | aw=[karmaloop] | cur=[karmaloop,mltd,shiekh] | exp=[karmaloop] | create=[] | delete=[mltd,shiekh] | preserve=[karmaloop] | nonReg=[]
KD0453 | aw=[karmaloop] | cur=[karmaloop,mltd,shiekh] | exp=[karmaloop] | create=[] | delete=[mltd,shiekh] | preserve=[karmaloop] | nonReg=[]
KD1495 | aw=[karmaloop] | cur=[karmaloop,mltd,shiekh] | exp=[karmaloop] | create=[] | delete=[mltd,shiekh] | preserve=[karmaloop] | nonReg=[]
KD2272 | aw=[] | cur=[] | exp=[] | create=[] | delete=[] | preserve=[] | nonReg=[]
KD3199 | aw=[karmaloop] | cur=[karmaloop,mltd,shiekh] | exp=[karmaloop] | create=[] | delete=[mltd,shiekh] | preserve=[karmaloop] | nonReg=[]
KD3834 | aw=[karmaloop] | cur=[karmaloop,mltd,shiekh] | exp=[karmaloop] | create=[] | delete=[mltd,shiekh] | preserve=[karmaloop] | nonReg=[]
KD3845 | aw=[karmaloop] | cur=[karmaloop,mltd,shiekh] | exp=[karmaloop] | create=[] | delete=[mltd,shiekh] | preserve=[karmaloop] | nonReg=[]
KD4390 | aw=[karmaloop] | cur=[karmaloop,mltd,shiekh] | exp=[karmaloop] | create=[] | delete=[mltd,shiekh] | preserve=[karmaloop] | nonReg=[]
KD5830 | aw=[karmaloop] | cur=[karmaloop,mltd,shiekh] | exp=[karmaloop] | create=[] | delete=[mltd,shiekh] | preserve=[karmaloop] | nonReg=[]
KD5834 | aw=[karmaloop] | cur=[karmaloop,mltd,shiekh] | exp=[karmaloop] | create=[] | delete=[mltd,shiekh] | preserve=[karmaloop] | nonReg=[]
KD5982 | aw=[karmaloop] | cur=[karmaloop,mltd,shiekh] | exp=[karmaloop] | create=[] | delete=[mltd,shiekh] | preserve=[karmaloop] | nonReg=[]
KD5984 | aw=[karmaloop] | cur=[karmaloop,mltd,shiekh] | exp=[karmaloop] | create=[] | delete=[mltd,shiekh] | preserve=[karmaloop] | nonReg=[]
KD5986 | aw=[karmaloop] | cur=[karmaloop,mltd,shiekh] | exp=[karmaloop] | create=[] | delete=[mltd,shiekh] | preserve=[karmaloop] | nonReg=[]
KE2037 | aw=[karmaloop] | cur=[karmaloop,mltd,shiekh] | exp=[karmaloop] | create=[] | delete=[mltd,shiekh] | preserve=[karmaloop] | nonReg=[]
KE2346 | aw=[karmaloop] | cur=[karmaloop,mltd,shiekh] | exp=[karmaloop] | create=[] | delete=[mltd,shiekh] | preserve=[karmaloop] | nonReg=[]
KE2348 | aw=[karmaloop] | cur=[karmaloop,mltd,shiekh] | exp=[karmaloop] | create=[] | delete=[mltd,shiekh] | preserve=[karmaloop] | nonReg=[]
KE3512 | aw=[karmaloop] | cur=[karmaloop,mltd,shiekh] | exp=[karmaloop] | create=[] | delete=[mltd,shiekh] | preserve=[karmaloop] | nonReg=[]
KE3517 | aw=[karmaloop] | cur=[karmaloop,mltd,shiekh] | exp=[karmaloop] | create=[] | delete=[mltd,shiekh] | preserve=[karmaloop] | nonReg=[]
KE6159 | aw=[karmaloop] | cur=[karmaloop,mltd,shiekh] | exp=[karmaloop] | create=[] | delete=[mltd,shiekh] | preserve=[karmaloop] | nonReg=[]
KF1870 | aw=[karmaloop] | cur=[karmaloop,mltd,shiekh] | exp=[karmaloop] | create=[] | delete=[mltd,shiekh] | preserve=[karmaloop] | nonReg=[]
KH9037 | aw=[karmaloop] | cur=[karmaloop,mltd,shiekh] | exp=[karmaloop] | create=[] | delete=[mltd,shiekh] | preserve=[karmaloop] | nonReg=[]
KI0071 | aw=[karmaloop] | cur=[karmaloop,mltd,shiekh] | exp=[karmaloop] | create=[] | delete=[mltd,shiekh] | preserve=[karmaloop] | nonReg=[]
KI0073 | aw=[karmaloop] | cur=[karmaloop,mltd,shiekh] | exp=[karmaloop] | create=[] | delete=[mltd,shiekh] | preserve=[karmaloop] | nonReg=[]
KI0164 | aw=[karmaloop] | cur=[karmaloop,mltd,shiekh] | exp=[karmaloop] | create=[] | delete=[mltd,shiekh] | preserve=[karmaloop] | nonReg=[]
KI0172 | aw=[karmaloop] | cur=[karmaloop,mltd,shiekh] | exp=[karmaloop] | create=[] | delete=[mltd,shiekh] | preserve=[karmaloop] | nonReg=[]
KI0173 | aw=[shiekh] | cur=[shiekh] | exp=[shiekh] | create=[] | delete=[] | preserve=[shiekh] | nonReg=[]
KI0955 | aw=[karmaloop] | cur=[karmaloop,mltd,shiekh] | exp=[karmaloop] | create=[] | delete=[mltd,shiekh] | preserve=[karmaloop] | nonReg=[]
KI0979 | aw=[karmaloop] | cur=[karmaloop,mltd,shiekh] | exp=[karmaloop] | create=[] | delete=[mltd,shiekh] | preserve=[karmaloop] | nonReg=[]
KI0981 | aw=[karmaloop] | cur=[karmaloop,mltd,shiekh] | exp=[karmaloop] | create=[] | delete=[mltd,shiekh] | preserve=[karmaloop] | nonReg=[]
KI2022 | aw=[karmaloop] | cur=[karmaloop,mltd,shiekh] | exp=[karmaloop] | create=[] | delete=[mltd,shiekh] | preserve=[karmaloop] | nonReg=[]
KI3946 | aw=[karmaloop] | cur=[karmaloop,mltd,shiekh] | exp=[karmaloop] | create=[] | delete=[mltd,shiekh] | preserve=[karmaloop] | nonReg=[]
KI5718 | aw=[shiekh] | cur=[shiekh] | exp=[shiekh] | create=[] | delete=[] | preserve=[shiekh] | nonReg=[]
KI5719 | aw=[karmaloop] | cur=[karmaloop,mltd,shiekh] | exp=[karmaloop] | create=[] | delete=[mltd,shiekh] | preserve=[karmaloop] | nonReg=[]
KI5720 | aw=[shiekh] | cur=[shiekh] | exp=[shiekh] | create=[] | delete=[] | preserve=[shiekh] | nonReg=[]
KI5949 | aw=[karmaloop] | cur=[karmaloop,shiekh] | exp=[karmaloop] | create=[] | delete=[shiekh] | preserve=[karmaloop] | nonReg=[]
KI6159 | aw=[shiekh] | cur=[shiekh] | exp=[shiekh] | create=[] | delete=[] | preserve=[shiekh] | nonReg=[]
KI8777 | aw=[karmaloop] | cur=[karmaloop,mltd,shiekh] | exp=[karmaloop] | create=[] | delete=[mltd,shiekh] | preserve=[karmaloop] | nonReg=[]
KI9356 | aw=[karmaloop] | cur=[karmaloop,mltd,shiekh] | exp=[karmaloop] | create=[] | delete=[mltd,shiekh] | preserve=[karmaloop] | nonReg=[]
KJ0446 | aw=[] | cur=[] | exp=[] | create=[] | delete=[] | preserve=[] | nonReg=[]
KJ1996 | aw=[karmaloop] | cur=[karmaloop,mltd,shiekh] | exp=[karmaloop] | create=[] | delete=[mltd,shiekh] | preserve=[karmaloop] | nonReg=[]
KJ2023 | aw=[karmaloop] | cur=[karmaloop,mltd,shiekh] | exp=[karmaloop] | create=[] | delete=[mltd,shiekh] | preserve=[karmaloop] | nonReg=[]
KJ2363 | aw=[shiekh] | cur=[shiekh] | exp=[shiekh] | create=[] | delete=[] | preserve=[shiekh] | nonReg=[]
KJ3532 | aw=[karmaloop] | cur=[karmaloop,mltd,shiekh] | exp=[karmaloop] | create=[] | delete=[mltd,shiekh] | preserve=[karmaloop] | nonReg=[]
KJ3670 | aw=[karmaloop] | cur=[karmaloop,mltd,shiekh] | exp=[karmaloop] | create=[] | delete=[mltd,shiekh] | preserve=[karmaloop] | nonReg=[]
KJ5138 | aw=[karmaloop] | cur=[karmaloop,mltd,shiekh] | exp=[karmaloop] | create=[] | delete=[mltd,shiekh] | preserve=[karmaloop] | nonReg=[]
KJ5731 | aw=[karmaloop] | cur=[karmaloop,mltd,shiekh] | exp=[karmaloop] | create=[] | delete=[mltd,shiekh] | preserve=[karmaloop] | nonReg=[]
KK1390 | aw=[karmaloop] | cur=[karmaloop,shiekh] | exp=[karmaloop] | create=[] | delete=[shiekh] | preserve=[karmaloop] | nonReg=[]
KK3553 | aw=[shiekh] | cur=[shiekh] | exp=[shiekh] | create=[] | delete=[] | preserve=[shiekh] | nonReg=[]
KK4453 | aw=[shiekh] | cur=[shiekh] | exp=[shiekh] | create=[] | delete=[] | preserve=[shiekh] | nonReg=[]
KP-4501SK-MONT | aw=[] | cur=[] | exp=[] | create=[] | delete=[] | preserve=[] | nonReg=[]
KQ8056 | aw=[karmaloop] | cur=[karmaloop,mltd,shiekh] | exp=[karmaloop] | create=[] | delete=[mltd,shiekh] | preserve=[karmaloop] | nonReg=[]
KR4460 | aw=[karmaloop] | cur=[karmaloop,shiekh] | exp=[karmaloop] | create=[] | delete=[shiekh] | preserve=[karmaloop] | nonReg=[]
KR4461 | aw=[karmaloop] | cur=[karmaloop,mltd,shiekh] | exp=[karmaloop] | create=[] | delete=[mltd,shiekh] | preserve=[karmaloop] | nonReg=[]
KS2679 | aw=[karmaloop] | cur=[karmaloop,mltd,shiekh] | exp=[karmaloop] | create=[] | delete=[mltd,shiekh] | preserve=[karmaloop] | nonReg=[]
KS2680 | aw=[karmaloop] | cur=[karmaloop,mltd,shiekh] | exp=[karmaloop] | create=[] | delete=[mltd,shiekh] | preserve=[karmaloop] | nonReg=[]
KS8301 | aw=[karmaloop] | cur=[karmaloop,mltd,shiekh] | exp=[karmaloop] | create=[] | delete=[mltd,shiekh] | preserve=[karmaloop] | nonReg=[]
KT0835 | aw=[karmaloop] | cur=[karmaloop,mltd,shiekh] | exp=[karmaloop] | create=[] | delete=[mltd,shiekh] | preserve=[karmaloop] | nonReg=[]
KT26S425SK-WHT | aw=[] | cur=[] | exp=[] | create=[] | delete=[] | preserve=[] | nonReg=[]
KT26S471SK-OY | aw=[] | cur=[] | exp=[] | create=[] | delete=[] | preserve=[] | nonReg=[]
KY34120 | aw=[] | cur=[] | exp=[] | create=[] | delete=[] | preserve=[] | nonReg=[]
LC6843 | aw=[] | cur=[] | exp=[] | create=[] | delete=[] | preserve=[] | nonReg=[]
LLDU315993-EBK | aw=[] | cur=[] | exp=[] | create=[] | delete=[] | preserve=[] | nonReg=[]
LOVEY-09A-PKFR | aw=[] | cur=[] | exp=[] | create=[] | delete=[] | preserve=[] | nonReg=[]
LOVEY-33-BKFR | aw=[] | cur=[] | exp=[] | create=[] | delete=[] | preserve=[] | nonReg=[]
LOVEY-33-TNFR | aw=[] | cur=[] | exp=[] | create=[] | delete=[] | preserve=[] | nonReg=[]
LS40W494 SNF | aw=[] | cur=[karmaloop,shiekh] | exp=[] | create=[] | delete=[karmaloop,shiekh] | preserve=[] | nonReg=[]
M20324 | aw=[plndr] | cur=[plndr] | exp=[] | create=[] | delete=[plndr] | preserve=[] | nonReg=[plndr]
M5039 | aw=[] | cur=[karmaloop] | exp=[] | create=[] | delete=[karmaloop] | preserve=[] | nonReg=[]
M9166 | aw=[] | cur=[karmaloop] | exp=[] | create=[] | delete=[karmaloop] | preserve=[] | nonReg=[]
M9696 | aw=[] | cur=[karmaloop,mltd,shiekh] | exp=[] | create=[] | delete=[karmaloop,mltd,shiekh] | preserve=[] | nonReg=[]
MELANIE-21-BNFR | aw=[] | cur=[] | exp=[] | create=[] | delete=[] | preserve=[] | nonReg=[]
MLSMU26-3001BLK | aw=[] | cur=[] | exp=[] | create=[] | delete=[] | preserve=[] | nonReg=[]
MLSMU26-3005BLK | aw=[] | cur=[] | exp=[] | create=[] | delete=[] | preserve=[] | nonReg=[]
OUTLAW-91 TN | aw=[] | cur=[karmaloop,plndr,shiekh,shiekhshoes] | exp=[] | create=[] | delete=[karmaloop,plndr,shiekh,shiekhshoes] | preserve=[] | nonReg=[]
PSHR1263-CBUYYPPPBLCK | aw=[] | cur=[] | exp=[] | create=[] | delete=[] | preserve=[] | nonReg=[]
SD1009-BLK | aw=[mltd] | cur=[fbrk,karmaloop,plndr,shiekh] | exp=[mltd] | create=[mltd] | delete=[fbrk,karmaloop,plndr,shiekh] | preserve=[] | nonReg=[]
SGM-BARBEDTRCKR-BLK | aw=[] | cur=[shiekh] | exp=[] | create=[] | delete=[shiekh] | preserve=[] | nonReg=[]
SGM-BRILLANTEHAT-BLK | aw=[] | cur=[shiekh] | exp=[] | create=[] | delete=[shiekh] | preserve=[] | nonReg=[]
SGM-IMPORTATRCKR-BWH | aw=[] | cur=[shiekh] | exp=[] | create=[] | delete=[shiekh] | preserve=[] | nonReg=[]
SGMWILD004-BLK | aw=[] | cur=[] | exp=[] | create=[] | delete=[] | preserve=[] | nonReg=[]
SHK-HVYTEE-VNTBLK | aw=[] | cur=[] | exp=[] | create=[] | delete=[] | preserve=[] | nonReg=[]
SKBSC0105_BLACK | aw=[] | cur=[karmaloop,shiekh] | exp=[] | create=[] | delete=[karmaloop,shiekh] | preserve=[] | nonReg=[]
SMJYGS18192-OMAROYA94AHA | aw=[] | cur=[karmaloop,shiekh] | exp=[] | create=[] | delete=[karmaloop,shiekh] | preserve=[] | nonReg=[]
STEP21-AON-001 | aw=[] | cur=[] | exp=[] | create=[] | delete=[] | preserve=[] | nonReg=[]
STEP21-OLD-004 | aw=[] | cur=[] | exp=[] | create=[] | delete=[] | preserve=[] | nonReg=[]
STEP21-PROMO-003 | aw=[] | cur=[] | exp=[] | create=[] | delete=[] | preserve=[] | nonReg=[]
STEP21-WIN-002 | aw=[shoes.com] | cur=[] | exp=[] | create=[] | delete=[] | preserve=[] | nonReg=[shoes.com]
STEP22-ADIDAS-003 | aw=[shiekh] | cur=[] | exp=[shiekh] | create=[shiekh] | delete=[] | preserve=[] | nonReg=[]
STEP22-NIKE-001 | aw=[shiekh] | cur=[] | exp=[shiekh] | create=[shiekh] | delete=[] | preserve=[] | nonReg=[]
STEP22-NIKE-002 | aw=[] | cur=[] | exp=[] | create=[] | delete=[] | preserve=[] | nonReg=[]
STEPOUT-2-REDCAM | aw=[] | cur=[karmaloop,plndr,shiekh] | exp=[] | create=[] | delete=[karmaloop,plndr,shiekh] | preserve=[] | nonReg=[]
TEST-STEP31-FW-MENS | aw=[] | cur=[] | exp=[] | create=[] | delete=[] | preserve=[] | nonReg=[]
TEST-STEP31-HV-CEILING | aw=[] | cur=[] | exp=[] | create=[] | delete=[] | preserve=[] | nonReg=[]
TEST-STEP31-NIKE-LAUNCH | aw=[] | cur=[] | exp=[] | create=[] | delete=[] | preserve=[] | nonReg=[]
THICK BLK | aw=[] | cur=[shiekh] | exp=[] | create=[] | delete=[shiekh] | preserve=[] | nonReg=[]
THICK PINK | aw=[] | cur=[shiekh] | exp=[] | create=[] | delete=[shiekh] | preserve=[] | nonReg=[]
TS26S421SK-CRBN | aw=[] | cur=[] | exp=[] | create=[] | delete=[] | preserve=[] | nonReg=[]
TS26S421SK-SAND | aw=[] | cur=[] | exp=[] | create=[] | delete=[] | preserve=[] | nonReg=[]
VGP-V001-BLK | aw=[] | cur=[karmaloop,plndr] | exp=[] | create=[] | delete=[karmaloop,plndr] | preserve=[] | nonReg=[]
VN000D6WBLK1 | aw=[] | cur=[] | exp=[] | create=[] | delete=[] | preserve=[] | nonReg=[]
VN000D9Y1OJ1 | aw=[] | cur=[] | exp=[] | create=[] | delete=[] | preserve=[] | nonReg=[]
VN000D9YBRO1 | aw=[] | cur=[] | exp=[] | create=[] | delete=[] | preserve=[] | nonReg=[]
VN000EYEBWW | aw=[] | cur=[karmaloop,mltd,plndr,shiekh] | exp=[] | create=[] | delete=[karmaloop,mltd,plndr,shiekh] | preserve=[] | nonReg=[]
VN000M3HBLK | aw=[] | cur=[] | exp=[] | create=[] | delete=[] | preserve=[] | nonReg=[]
VN0A32QGYUU | aw=[] | cur=[] | exp=[] | create=[] | delete=[] | preserve=[] | nonReg=[]
VN0A3WKTYUU | aw=[] | cur=[] | exp=[] | create=[] | delete=[] | preserve=[] | nonReg=[]
VN0A5JMI4W6 | aw=[] | cur=[] | exp=[] | create=[] | delete=[] | preserve=[] | nonReg=[]
VN0A7SDQYQ8 | aw=[] | cur=[] | exp=[] | create=[] | delete=[] | preserve=[] | nonReg=[]
W MANAGERS | aw=[] | cur=[] | exp=[] | create=[] | delete=[] | preserve=[] | nonReg=[]
WS23182SK-BLK | aw=[] | cur=[] | exp=[] | create=[] | delete=[] | preserve=[] | nonReg=[]
YEZB37571 | aw=[] | cur=[] | exp=[] | create=[] | delete=[] | preserve=[] | nonReg=[]
ZOE-1-SLV | aw=[] | cur=[karmaloop,shiekh] | exp=[] | create=[] | delete=[karmaloop,shiekh] | preserve=[] | nonReg=[]
priscilla-4__blk | aw=[] | cur=[plndr,shiekh] | exp=[] | create=[] | delete=[plndr,shiekh] | preserve=[] | nonReg=[]
yezeg7490 | aw=[] | cur=[] | exp=[] | create=[] | delete=[] | preserve=[] | nonReg=[]
yezfu9161 | aw=[] | cur=[] | exp=[] | create=[] | delete=[] | preserve=[] | nonReg=[]
yezfz5246 | aw=[] | cur=[] | exp=[] | create=[] | delete=[] | preserve=[] | nonReg=[]
